15 281 282 82 111 160 23 6 25 201 205 12 176 256 208 175
19 161 260 15 213 224 174 202 68 271 147 283 10 112 242 71 262 240 49 183
5 228 30 206 94 130
13 296 249 75 276 227 285 129 91 17 297 194 189 173
13 209 207 197 237 76 131 98 223 55 142 215 278 132
18 193 290 187 63 79 188 39 241 121 50 11 48 101 287 231 279 229 165
10 93 235 5 16 196 155 154 9 84 169
6 13 253 89 66 272 2
12 95 218 18 200 245 96 214 264 265 126 52 211
6 35 106 104 47 233 247
1 149
6 266 78 141 186 69 274
2 123 153
2 127 178
4 61 163 293 257
15 113 29 128 244 295 177 22 73 42 119 248 252 37 77 151
6 14 157 236 289 46 1
6 3 170 20 100 251 135
3 250 288 270
3 192 59 143
3 45 145 97
6 7 294 162 136 182 43
5 140 81 292 280 120
7 58 284 204 109 255 31 67
2 27 51
3 105 199 152
6 273 74 156 117 195 181
5 24 203 139 238 115
4 108 0 148 219
4 44 158 269 291
7 107 57 86 190 90 118 138
3 146 114 124
4 60 40 243 83
5 171 222 217 258 70
4 21 230 254 191
4 62 28 268 298
3 172 64 26
1 122
5 133 225 267 32 239
4 210 144 53 185
1 277
3 72 198 102
6 164 85 159 56 125 232
5 299 259 137 38 166
4 168 134 92 226
3 99 212 19
4 286 246 220 150
3 103 263 261
1 4
1 80
1 110
2 87 8
3 34 275 88
1 184
1 41
0
0
0
0
0
0
0
0
0
0
0
0
0
0
0
0
0
0
0
0
0
0
0
0
0
0
0
0
0
0
0
0
0
0
0
0
0
0
0
0
0
0
0
0
0
