24 6520 7985 2982 5976 7036 4632 9665 1530 1435 2505 4584 7641 6593 1940 1176 4638 8697 3312 5475 114 4590 5378 1931 5307
19 262 9670 7992 5057 9841 6352 4080 3490 1032 4049 4006 8992 545 1262 7166 2023 177 989 6377
29 9702 9105 577 5473 6942 3336 1001 2861 7949 3192 3819 708 1687 7638 7358 5365 4568 5489 5257 3460 3184 7062 7006 3244 1558 2676 6945 432 1922
21 2007 4836 2549 6984 3752 7855 4767 7556 6519 5421 7326 2871 2375 3913 9892 6876 8249 2897 42 8599 3759
26 9099 5393 293 8710 3846 8489 7380 7153 9102 5793 6323 3591 9321 5784 5454 4821 8293 7016 5901 5105 4650 7268 3002 12 2073 3367
10 4144 3299 220 1615 720 4032 5837 7721 8563 2836
30 7904 4772 6863 345 9939 3423 6838 2447 2624 1797 7973 1962 2045 6976 4351 2606 9701 8372 4759 8377 2365 2744 4158 2728 5521 3348 1731 5937 1117 6089
23 2343 124 2496 7117 4877 1323 8153 3339 7342 7651 3570 1746 8943 410 4116 3363 7951 2199 9716 6501 6511 609 3421
12 5317 8875 4194 9128 8609 5296 9240 8163 9260 9432 4471 5665
14 4898 2090 1674 3634 1611 1359 1986 5142 6856 1141 7613 1737 9977 5562
28 8452 2594 1301 6371 5890 7915 2108 5366 1327 1094 4776 2303 2938 1136 1361 4235 548 8997 6573 1089 940 7622 82 5336 535 3717 6357 2680
16 7329 731 59 7440 4763 3478 9391 7087 1319 8199 7827 3010 1870 2773 6721 5770
13 6363 3347 7706 8702 5754 1582 5886 5825 3302 7573 4851 4587 6336
25 5864 5419 8050 1084 2888 7328 1360 5258 9364 69 8720 14 2621 6431 756 9219 5053 9547 8916 7688 7365 8144 3937 8052 4557
23 2693 3126 1451 8120 7472 8971 1314 2195 2170 7865 7300 7312 4132 2704 5816 8779 8428 6784 2751 644 5196 2238 388
8 1480 9407 9900 4434 6186 9184 8967 4603
15 5739 650 6534 2951 4439 1968 6249 9534 6042 2113 4102 3324 8794 510 3008
29 6072 2449 7199 6266 3601 3437 8600 2877 6075 4026 7078 4257 4110 9727 9322 538 5616 4876 3278 7436 6890 5122 9811 2435 3825 3026 1876 2753 5824
29 7003 4987 4959 4182 6656 9820 6146 9090 2504 6050 9014 8060 8322 5417 5588 6929 9273 6726 4709 5062 4474 914 909 3390 5734 321 2178 6829 9943
34 8606 4808 5394 7521 6065 5098 7395 2318 6537 7527 6194 5079 757 9332 3526 356 406 9007 349 9529 9589 3238 8196 8083 3747 6282 7834 6471 3823 2114 5848 3961 595 7262
31 7882 5755 7402 5244 2686 5581 3930 3432 8511 5068 5652 7174 7633 1162 6637 5476 1950 1051 5695 3451 4497 4234 9770 1242 5333 8169 4754 4835 2161 929 7879
33 8070 7341 5403 3545 9190 1156 4928 3320 3262 2214 1378 8583 5301 450 7611 27 8403 8084 662 238 3674 2878 6275 1829 703 4671 337 5443 6025 566 1307 2874 1098
27 2298 6804 3678 265 2684 4981 2540 4714 9149 3873 3087 4172 2663 5370 2765 108 1671 4322 3765 3563 808 1088 5612 5930 1303 6681 5226
15 3905 4021 4424 1873 7017 3750 3124 8320 3009 9339 5785 161 656 8306 5867
15 7314 3365 4138 5284 4142 4463 4096 6731 3280 6611 2321 8744 6606 6270 6515
24 2491 7524 620 3109 3657 1906 1643 9705 2256 9263 5842 5889 3683 5691 5275 5660 9079 4022 8576 8673 4418 2860 2481 2558
28 7028 4203 9966 5155 4984 7598 6619 1510 6469 3351 5549 4820 5506 4282 8945 3021 9265 5935 3711 6230 6596 2582 5470 1581 1481 1283 6609 4312
25 6462 8041 2933 5984 6595 8906 8006 956 1892 9453 9713 2050 6445 1366 931 2331 5435 8463 6038 976 2182 899 642 1059 5373
23 881 3831 4883 3469 8684 3899 5134 1302 819 6309 4859 6823 1642 3996 2063 581 582 4911 9470 9930 2712 6164 9324
13 39 8853 7249 3225 8332 4886 6717 8829 4012 9536 5360 437 880
12 9509 6324 6021 7176 8872 9171 3257 5578 8726 8442 9793 8192
16 3187 1322 4983 5883 3623 9006 2252 3892 4073 9053 5958 9743 8571 3791 4276 3321
12 3864 9600 8903 9505 8238 310 3297 5897 3738 8396 8867 9528
26 8038 9169 2968 5457 5011 6459 8023 3604 5698 9400 371 3011 2473 3159 3110 478 2012 3983 2249 2599 3015 3416 471 9315 9580 7948
31 6830 168 4633 256 1055 2451 618 1128 9104 7142 6034 7452 73 6874 3543 6751 2013 2211 2656 3925 6963 2317 844 623 521 3835 8388 2562 4613 9994 7781
13 5437 8500 8054 6912 486 3836 9161 3431 8925 4694 5974 8942 218
36 4998 5202 8539 9821 1548 2535 6967 4287 8462 3053 1758 5191 7685 2014 1982 1802 6727 4662 5543 8955 9931 4456 8030 2808 2438 9365 1807 3927 5788 9730 8315 5855 7115 2876 999 7392
24 6362 1858 5772 7805 9688 8846 5237 8795 9093 155 4995 4682 1321 8319 5003 9755 8960 5206 1652 9024 1347 5198 4669 6106
27 8160 2442 2413 1213 2856 9916 8278 3242 2639 4702 5558 6858 6844 3169 3848 4288 2217 624 2546 6897 9531 3706 6127 1174 7832 6454 5211
25 8991 8170 1331 2276 4989 6990 1697 8978 5826 5028 2614 1790 9230 225 7171 357 7197 8128 3732 8988 2037 182 683 7025 9392
25 3134 6788 9355 7665 4365 5605 7319 6226 1380 6258 2222 5657 5503 4114 4498 9123 179 5592 9776 13 4358 7502 6535 8839 7600
7 1817 7671 224 7869 7450 1431 7152
28 3198 995 3906 2314 852 9720 8661 2977 3731 7914 3780 9218 8827 2987 6774 3308 7562 4799 3035 8931 6138 5270 1467 9399 7838 7917 6487 8303
21 4303 9437 842 8671 5514 5639 7427 8879 4834 7777 910 9419 9912 7159 7432 6063 8460 7789 8371 8433 5267
7 4996 2542 1146 4052 5247 8788 8919
28 6548 8441 945 2925 4446 4063 1913 5179 6908 68 3974 2740 1029 9690 6749 6969 2287 8283 7225 8028 9886 5201 3 9468 2239 4122 8201 5379
20 8732 7020 5688 617 3094 3456 793 5078 4221 2294 4225 3653 4946 3650 1085 8173 9152 8437 7362 379
9 9503 8216 7346 6397 1279 3288 3012 7592 4775
29 9011 4151 132 6592 4552 4535 9941 2127 803 9552 4686 7610 7422 1843 98 2319 2597 1805 4472 5672 7672 4685 9421 2530 7348 1585 6185 1920 8581
16 9764 7449 5792 4529 8605 884 8748 5863 5849 2793 7932 1760 8053 5290 4190 3613
26 2881 1453 9828 9906 464 8701 9226 3992 4253 4196 97 8364 2124 9341 6775 3699 2932 4906 1345 4013 3048 8473 8636 2221 596 1911
25 7182 2638 2579 7338 290 1916 841 8305 3372 9894 8959 6300 8913 146 3611 2262 3485 3753 1112 6699 6085 2231 4061 4374 5343
17 605 4072 4395 8733 89 2439 2609 2 6345 1566 5168 2864 5820 8195 5585 2059 3696
27 1107 7496 4383 197 6350 4373 8125 813 8562 4370 7151 927 9904 1827 6614 5813 4091 3152 3843 8349 4369 8429 2096 6957 9129 2608 3102
14 6834 5250 5070 3746 7002 770 8438 7183 2086 7155 8334 7780 8056 4436
6 2605 6578 8143 7621 9763 2814
27 6740 694 5102 8061 2961 9267 9004 2484 9119 5431 4756 5735 4890 955 6827 4541 8012 6435 1715 9264 5455 6157 8389 8325 7060 1471 9812
14 558 4123 7550 796 9735 3088 3071 2133 2383 3756 2506 1766 8252 7284
12 2288 2533 8095 2795 9909 2634 6679 6126 1202 8418 7858 408
33 9624 5402 8770 8213 280 809 886 3479 8378 4141 586 6983 5957 3761 8947 8308 470 3285 8638 8939 4440 6422 6083 6841 9728 959 3838 2611 6881 1026 8917 1214 2649
7 7476 6193 1806 8197 1000 9609 3594
28 6382 7491 4518 5823 917 53 2369 4246 8467 9849 3041 1503 5066 5339 551 4159 9988 8696 3702 1850 647 2943 2471 9934 1901 1936 850 5985
17 6581 2715 3379 4397 1297 1217 6739 5692 5715 1027 2376 5092 1287 5706 4542 1820 7337
28 1773 7241 9937 536 5243 804 6033 504 9823 325 7694 7983 6673 1747 8039 4162 4442 4636 7991 51 882 9113 5467 6997 4831 9112 6054 6447
30 7280 1991 7120 9729 7248 482 8457 6948 6011 4522 5131 7081 5097 1622 2841 6586 1925 9465 9381 8345 814 815 7500 426 3920 6532 1570 3357 4009 9687
29 8239 4230 1692 5447 8271 7512 7103 2479 611 4490 3865 8633 2468 2366 415 231 3405 7508 5383 460 3151 334 1712 5638 7416 5115 6488 2345 26
26 7966 3191 4478 8765 7617 9875 4429 4407 4206 1719 2140 9822 3970 377 8135 652 9049 8825 5814 5111 4466 323 2354 287 9490 9186
7 2204 8411 8482 2527 62 9459 3559
18 7347 3475 2087 1832 4268 2501 898 1424 1291 1167 2800 5320 527 2032 7766 5483 4007 9562
26 3508 7930 3599 1306 1402 9205 2958 1046 8883 2290 2372 2441 4681 5199 6036 7837 405 7456 7898 4419 4193 269 3228 4798 9142 1924
11 5156 5511 6979 2748 818 8021 4614 791 6368 2887 4390
21 5763 6494 2150 6150 251 8911 9462 8777 8380 336 845 1393 2750 9594 6320 6574 9460 555 919 8757 7034
19 1721 2254 3805 9055 7056 1628 9422 6442 9192 9239 7769 6099 2818 6987 2308 7304 638 2727 4060
35 2134 2805 285 5603 49 8706 9560 8018 1028 8234 7421 5355 4350 1810 3525 2485 7035 9299 3428 4062 9995 263 523 8540 7588 701 2268 3698 5077 5396 750 4734 8695 3182 6114
27 7373 7725 7531 4621 6791 4305 8938 8828 2391 1219 9350 8747 2068 9212 6700 3051 6825 8598 5029 1118 1915 6872 3713 9860 1768 5929 8968
15 264 6192 6493 9022 5135 1673 1614 5587 2801 6575 2882 3652 8568 1190 9359
30 8464 7560 8066 7636 6401 2547 760 1886 9362 188 1755 7712 3754 1732 5294 686 5827 3959 7646 9010 3349 6436 7055 6373 6867 6136 8221 5765 5076 6104
32 928 9110 6704 1280 9057 2307 3132 3501 8233 843 3820 2266 5563 5643 399 3744 6605 2595 2719 5493 6015 8580 9800 2159 5973 1928 8260 6272 821 3499 9655 1399
31 5426 1204 1522 5372 5337 3673 930 6290 8132 9077 4219 702 2702 2543 1969 2474 5661 5019 4899 8301 9115 3871 1031 1771 6120 2953 7333 8287 9606 5376 2921
4 2591 8231 3007 8719
29 4924 2699 8027 8861 2237 2074 3027 8796 9862 816 8880 4592 1370 5047 6918 8141 727 367 3631 2764 8501 7112 9174 4186 4129 1044 8932 7024 332
20 9489 9231 2654 4794 8346 2075 3534 3793 93 4244 3434 8492 1497 8844 778 7899 5106 2263 4501 7110
16 4301 6630 8654 2823 8082 1610 4209 557 9117 7825 763 7925 858 8497 8254 9659
25 8721 5995 7350 5948 9374 1663 5632 5945 2899 1641 4715 8451 7774 6005 8780 1484 7498 1456 9038 3815 2870 1390 4929 546 3609
32 4087 5757 1249 2035 8573 5741 847 8448 5978 1340 764 6296 4433 7718 6733 8498 6439 8217 3847 3772 8474 801 6889 4388 7321 5789 3677 3033 963 6944 9810 5117
10 9100 2194 4857 2346 7940 747 3201 2644 4573 4818
30 9897 732 5560 7088 6953 2739 5530 6100 8093 8835 9310 5119 7339 500 2002 6819 2459 6346 3392 9095 8556 6284 5956 5271 2902 7742 6400 3620 6999 9951
26 5377 733 1954 1436 1793 6141 7942 352 9062 5810 2561 99 4462 5322 7069 6137 7390 3464 3304 9363 2257 1082 970 4547 2425 4236
21 9444 1292 547 5680 5133 4923 7144 7746 1966 7107 4607 7361 1348 3220 8304 9252 2038 3100 7883 274 5572
15 5321 634 5658 950 5858 9130 1977 3785 8771 4936 5384 3153 7586 4588 737
32 6724 50 5966 4130 1329 7072 3204 8589 9878 9582 5319 7863 4153 5261 3680 9501 8288 217 2228 296 5951 9342 8972 4168 7744 9124 3658 5002 6040 6787 9524 7506
22 134 4517 9330 9581 5236 7291 9040 4337 6211 5740 1789 1476 6375 6761 33 420 414 2794 5502 6052 3319 6683
21 3887 9962 6599 3626 4195 6616 6014 4187 6383 4136 6187 4779 4368 2895 9883 8387 9726 6118 2703 6988 9868
12 2787 8739 1362 1468 2743 3524 5420 7690 1699 8077 5982 2410
21 4532 1965 2274 6209 2536 5220 2626 7076 4968 7939 9209 4604 3788 5093 104 1754 7989 3296 1180 7479 2052
11 3491 2330 1470 5026 4967 3890 5058 857 9027 3465 7547
16 2984 7411 643 7674 8621 1447 6402 2060 4316 7454 2832 4934 9101 6342 1067 2625
30 613 9798 4266 6837 7523 4126 4787 8944 1897 2845 9232 2197 4674 7797 5276 1704 5847 6408 7038 5231 6020 5109 5494 3649 3162 6748 8674 246 2690 2939
21 9751 2283 1525 2944 8821 7167 4356 1878 3583 2906 7185 1351 9047 4468 4191 9431 1196 1482 4956 5952 1260
30 1071 4856 107 7667 2116 1937 4175 9953 1636 1318 522 5401 562 2919 2632 9653 7484 8297 8454 1161 8401 6162 5051 5328 7859 1387 5806 5811 8536 2541
26 4450 3767 7290 7415 4085 9208 2946 5504 6968 4645 1320 3315 1933 8414 7541 9629 1264 3643 5906 3495 5038 5555 1392 9539 3561 9019
13 1594 3371 6641 9863 6315 2404 9882 7355 7947 1672 9554 8982 9058
13 854 5914 3779 9830 6496 6507 152 5962 1905 6713 4416 9044 3113
35 4184 2286 1221 7664 3735 7728 3099 5288 404 5309 6658 7349 3043 2482 1990 6453 8682 4672 4620 3217 9035 8354 4113 3914 5992 7 6508 3714 5367 9081 3720 6549 567 8963 7856
8 7318 5049 3655 3584 1714 1091 3202 6348
21 3311 2420 1507 4352 9072 5525 755 6172 526 8491 8044 4002 2219 1918 6947 1769 6294 5667 2894 5913 9135
12 5625 4901 2243 169 4277 789 8366 9530 2678 9445 736 4317
25 288 7605 9054 5564 4913 3323 6110 1736 9569 4610 5923 7738 7782 5610 2637 2908 1938 302 1449 7888 5547 7631 9832 6861 1626
30 3265 8009 2313 1073 7175 8610 615 1074 2627 9650 1205 1201 5624 4023 9092 5537 3355 2617 2251 4773 2024 1304 1814 8256 6738 6919 2076 7637 5728 3429
28 3962 9566 1240 4625 3174 3179 9206 8207 3180 4555 6475 7828 5306 9718 6746 6667 5448 1921 140 1446 3681 6954 3627 540 5645 8725 9658 1464
13 8885 7389 2619 3809 9118 3734 1231 1506 4939 2534 7015 8641 7108
20 129 8228 4031 4885 4041 7749 193 4519 9033 9491 826 1053 4641 4516 3709 1411 3724 6862 5529 5527
19 8667 2778 3402 2601 7351 2875 7654 658 3106 4396 8243 1573 3453 5054 6744 5463 7331 3272 1767
25 698 3926 4145 6779 9835 9599 8664 6587 2732 1490 8393 3387 9507 8782 8222 2666 7643 3763 5171 2691 6097 8921 6623 6301 5622
32 3877 8946 4363 5684 6921 9842 1728 8712 6802 8090 1702 784 5779 2578 6167 6811 4977 3364 8802 3858 9224 175 8032 9574 5398 3595 2091 3158 9098 7435 6415 8574
24 723 1539 4124 7134 5484 473 5172 3141 122 8901 7831 1781 8159 7953 5255 9826 6094 6904 7609 5081 4512 38 86 1018
28 1680 2367 1847 5432 6125 8096 1365 8635 9950 1948 1336 676 141 6955 298 6173 2572 413 6366 6117 7969 2437 9597 338 7703 9275 5926 23
14 1725 7701 8915 3728 4589 6755 6524 3063 6351 6330 5730 9759 6544 5839
16 6169 7839 2443 8237 9744 7916 7950 8597 8729 4988 1023 687 5760 7455 1516 2095
17 8893 4570 2488 8226 8639 9964 9571 3770 4539 8694 8799 2565 2445 569 9678 366 9353
30 9451 7194 7413 2796 5387 2762 8499 690 9972 91 9605 324 4441 9773 1600 3517 1168 8172 1173 1296 786 9150 2574 9214 9236 2200 4738 3076 696 1947
23 5679 2767 3810 0 693 5274 3476 9211 5221 5924 270 431 6212 2390 4043 2936 503 673 7544 1759 8523 7683 9085
26 4029 7843 7212 3195 7765 6995 8619 5965 4843 9439 3316 2922 1698 8267 5843 9080 6810 9565 7593 7669 5217 4969 6215 5609 2430 7659
32 5997 4745 5138 3505 7158 6498 3020 932 2422 9026 8954 6847 5368 6720 9196 4966 3373 7608 7048 1330 331 6940 7289 6077 6419 7570 8894 827 8507 4491 6882 6134
25 3705 2110 4654 299 8790 4283 5523 4933 9668 5607 5316 350 8275 7177 695 4804 4825 7007 4487 8049 5960 2389 4785 9384 8958
26 1374 6069 1893 9986 3077 7699 3878 4605 2731 6588 4100 4757 1596 9758 4816 8512 2370 848 6364 5266 2392 8399 2789 7459 9227 9584
16 8625 30 1003 6550 9699 602 6643 7469 2304 9358 641 9933 5561 5022 7360 2573
29 4135 9867 2935 4284 7295 8165 1095 5329 2456 1748 6602 7571 7049 5173 5100 4334 7131 8789 6556 8859 4670 4926 5731 3597 4464 3078 2510 5857 9954
33 3256 4786 5492 9614 9993 2498 5031 7958 2886 9768 4402 4323 9965 276 87 8296 8665 2043 8375 7743 7905 6702 4273 5807 5203 7161 5790 6525 9329 669 3376 9242 1376
27 3625 8005 2726 5036 3497 4016 418 5967 926 9269 2650 8242 7473 1220 6618 5891 7589 8941 4057 3286 9642 7720 7091 3659 2775 6600 4920
33 6526 7306 9968 4267 9834 704 8993 2586 998 2928 5174 3032 5149 2996 5429 9893 7519 9247 2489 3418 5251 4336 8098 8534 9719 6660 1840 3069 8355 2466 2647 1182 4629
29 631 7215 7822 9056 1104 890 6374 7935 6758 9290 2900 1601 3211 5314 189 2524 401 2306 2072 3576 4108 7788 3221 44 1457 6518 9373 1337 8627
29 2147 6474 5589 208 9222 4064 3274 9369 5577 8419 6728 8521 6671 6339 9259 3511 45 7363 4915 6478 7340 7084 2416 3177 3241 1808 8122 4278 7779
30 3215 3486 5113 7223 2685 5801 7247 1818 867 4028 2098 772 5428 7642 1479 6994 5852 2179 7845 4261 5342 60 5796 5468 6714 1052 4874 6081 163 3614
19 7196 9750 3686 8842 9340 1638 95 5297 4865 191 6191 5767 9572 9989 4279 9982 4850 9740 4449
13 2692 4531 8974 8630 7652 9592 2334 9578 745 192 8980 9927 7235
16 8565 742 9733 9177 3589 6924 3016 8449 9703 1945 3829 233 1536 7800 879 1785
10 5593 6907 3708 1093 9990 4849 373 4271 6741 657
13 1188 2698 2997 2378 9515 7924 6522 6440 9905 5512 3668 5233 1284
16 619 8643 8969 6960 3755 4068 6978 6071 7336 1133 1357 4960 3745 8210 9061 1778
9 8749 4902 2428 6622 428 6666 8047 7376 6688
11 2122 5358 3648 4040 1381 9754 8863 6406 259 7047 4325
8 1545 2486 7635 7213 514 5411 3210 8220
21 103 3493 4841 4360 153 9187 8079 2155 9481 4533 151 6538 4036 2725 1819 2757 7482 6109 3470 2417 7260
21 8786 4330 7887 5060 9694 9936 3226 792 2550 5742 8973 2164 6798 2905 434 7955 6572 3171 807 616 8743
33 3630 3598 2967 8363 9463 286 5944 4459 2044 9237 395 1514 3556 9165 2865 2141 3520 3616 4521 4216 9390 6256 9929 4817 1946 4103 344 8068 2094 5869 7670 2852 7715
29 5452 921 3929 9496 4382 4917 2988 1598 7842 6398 6396 7895 6762 4242 4768 2071 1184 6080 4903 7344 5845 6292 2476 6675 8211 5252 6899 8241 6974
16 4148 9070 5888 4496 2374 8386 7807 7458 412 1677 869 3944 1717 1713 9089 2745
8 7387 4514 6557 1809 2866 174 2583 2359
32 2918 3247 5434 5771 7844 9593 3997 9724 1254 5410 5787 5682 5240 8914 340 7281 3550 9984 5157 7303 6295 3854 3907 1765 2822 4252 8873 4359 7801 7222 1352 4595
30 5151 5042 7849 1164 2109 3352 9195 1122 2444 2310 3408 9952 6981 6389 3742 8067 4106 9039 8645 9587 351 9082 5446 6260 4055 1822 3413 1058 9577 9985
28 1666 9706 648 8206 1812 6640 2552 4954 3985 1237 1740 7727 728 7126 6229 8121 4878 7063 6171 3844 5745 1772 4580 2067 5800 6782 4524 4528
25 5833 8058 3818 456 8479 9482 4179 9923 6087 1647 758 8198 2154 2710 6678 4823 883 1452 216 9603 5774 316 4668 4438 8410
18 2499 3389 1559 6504 279 4696 5535 11 571 4704 7385 9461 2151 6868 6620 1616 3275 492
28 205 4976 2911 2235 9946 9783 6116 4728 8614 8468 3645 1448 9075 3350 7305 4721 777 2028 1696 7848 8952 3438 2398 7790 4210 8123 3700 9621
23 2959 4181 389 5352 2972 7203 969 4707 3042 6483 5972 4081 2171 5145 2083 6259 5762 5775 797 5574 8269 9978 7462
14 8868 3483 5404 4965 729 3332 5747 829 9271 5460 9254 2590 5903 5571
18 5260 4165 2169 2216 9595 6612 7101 5830 7793 9442 2526 9564 8886 1004 2099 6086 6140 4675
25 9663 2850 8109 4912 1166 5812 7079 2618 3942 7352 5326 5121 5305 6148 7812 7518 9280 1811 5933 9787 9848 5797 8483 386 6056
29 3828 840 221 1189 3122 4112 5249 6502 4045 8617 8515 2301 3172 4780 9709 9833 5614 5234 9850 9877 860 2205 6893 2554 3080 4364 6543 2709 1233
34 4647 5942 6754 8409 2341 8666 5766 2623 6973 2802 8168 8920 8136 4155 1828 1078 5347 8692 9661 9623 7132 6268 9253 7334 7033 8 4290 18 2419 7324 6685 9879 5170 2642
30 7892 1877 3066 1310 2837 8607 1373 1637 4925 589 9521 3366 7189 7900 7590 8527 1631 7944 5596 8899 6235 4769 3006 5617 4423 7412 9866 6144 9420 7684
21 3163 5953 5063 8808 2227 859 7999 3689 2840 382 7960 4149 8591 7410 6684 5114 3361 5232 877 6277 6155
18 2863 8257 8814 3271 7534 3073 3612 4600 6576 1236 1244 7606 6486 8313 4916 1022 3903 5640
24 8048 1654 668 7886 4403 2909 7073 4867 1474 7095 2132 9782 9389 6291 6489 8705 3950 1985 5738 7968 5015 4651 4076 5573
7 1691 5961 392 1825 306 4811 9908
17 6108 6163 6932 4457 3160 4445 1618 6555 2089 4420 8344 9 6533 6732 5125 1889 7122
23 5604 2948 6941 4684 2259 4974 7627 6736 1854 712 6873 1756 9348 7292 1604 7907 8689 7753 8986 2555 7485 2146 4469
20 2261 2804 1256 5312 7098 453 9262 9664 2469 5229 1718 4896 2755 8830 4492 9193 3574 8648 5689 1855
29 4220 2708 2557 9612 2338 9804 9153 528 6923 5205 6216 7557 2051 8405 3872 3473 6312 6019 5753 7044 2584 5565 4760 6328 5061 4919 4748 8189 5724
23 7205 6335 957 579 1860 8759 4812 9433 6778 6338 5704 8063 6777 7150 6066 4937 7121 8837 5286 2734 8926 2478 8650
16 5950 7259 626 16 3340 2503 2500 4639 6925 6394 5553 4778 6395 2358 6113 7414
23 2382 3327 6225 5178 7850 7705 3552 312 6045 3369 6701 2388 1538 2947 1328 8811 2022 5165 855 7054 8649 1015 635
27 5424 9318 7011 7931 7698 7776 8698 8092 8358 1439 2545 3600 3718 5676 21 5557 553 346 9635 4378 335 6095 675 3260 3343 8763 2448
24 171 6485 3252 4476 4973 2088 2394 9296 8810 313 8628 3506 3237 9352 3422 5085 3850 8031 3590 1739 6385 1409 6274 6344
15 6514 8975 3737 7307 5096 3154 8616 9288 4797 9368 291 1183 7510 1140 9371
18 9447 3660 5308 9086 9430 4295 7075 9732 7894 2694 3303 9425 1535 9188 6221 8611 608 260
22 5072 9454 1953 4161 254 6725 9474 7372 7118 3786 4384 2873 3866 9838 9643 5963 6337 2042 8111 158 7082 8542
24 2082 2629 1487 4131 1386 3707 4086 3832 7532 252 8400 5586 9567 2192 6737 9338 4095 2081 5919 4708 4725 7661 9248 368
22 8046 1415 4211 3360 3816 8541 706 746 3978 9323 4574 4430 1780 8503 9025 8177 9185 4310 75 517 3230 5977
21 7937 7579 5391 6566 2411 4154 8338 1927 5084 3778 8430 2893 1519 308 1229 7050 1743 2232 1036 7210 1651
7 4942 1653 6153 7149 515 3539 362
10 6181 962 1265 1426 8284 7061 4952 8171 6465 9556
17 8167 9327 6007 4693 3170 1803 8493 3628 6341 6010 4451 1354 7851 5718 9178 7618 4569
20 2112 5550 7835 3635 7792 2335 6405 4720 6001 9351 8603 1009 7125 4559 7578 9591 4042 4900 9903 5116
10 9097 5552 4299 5968 8478 4523 2995 5880 7745 4838
37 8736 4597 1234 8544 4408 544 8074 1300 6922 6029 85 5714 2592 1493 8361 5666 6880 5246 9050 8176 5181 2138 7254 4053 3455 5039 7673 4582 4729 4097 9443 4731 4315 3794 2766 9320 3784
27 6935 1738 1788 7045 1930 5954 6982 1106 6311 6152 2080 3326 3175 4947 1730 779 9796 4530 4824 810 5005 9386 4991 3401 7750 326 8224
27 6102 7897 3388 3430 2201 5311 398 1295 7645 6451 7599 3644 467 6946 9922 632 6577 1753 740 4156 3902 2671 9695 1824 7067 2630 6712
12 7253 5748 5209 753 9483 9997 3916 1350 1606 3273 9756 1159
27 380 5500 9295 9957 3812 5534 139 1385 3301 3435 390 7757 5186 5981 7202 9801 7625 261 8669 4846 4716 790 8352 7397 8769 80 6313
21 2379 4951 4562 2493 6648 7478 8072 716 6603 2461 1549 5280 7730 9973 911 8898 7908 3205 2055 5975 4174
21 1586 6545 6745 2769 1502 1727 4962 422 7009 4858 9884 1472 570 4543 4461 1047 4047 9711 2683 2915 6243
26 3749 6933 9172 6764 9146 9145 468 1779 9971 3017 9436 1111 9604 4958 9585 3792 8851 9094 4892 2991 6870 6895 1987 901 889 1684
34 1816 9309 3168 5088 2097 4619 7526 9157 2513 3946 9610 3514 4479 9096 7786 3287 5461 6860 4506 6698 7717 1349 4801 9786 3130 294 6334 5595 2162 7405 891 4051 1115 7169
14 3061 6646 7148 8445 9258 5513 788 1149 6271 7353 1437 3385 1006 5453
13 2512 8186 1224 6477 3523 913 4320 2184 1148 6448 8294 4793 6845
18 2662 8432 3640 5048 6000 8624 9476 8219 1165 9693 17 5877 2553 8834 8107 8754 1603 387
27 2272 8417 8164 5408 6129 4380 472 5386 10 110 7626 94 8154 9766 1676 1520 2139 8140 4038 7026 4120 8570 6166 3941 5107 113 7216
21 5619 8446 1102 3138 8637 8715 443 4393 7866 7961 9034 2213 4319 3251 4755 7860 6434 3726 823 6753 984
25 9944 397 3104 282 9870 4327 4701 1919 6355 1513 2760 6892 4770 9037 8091 1764 1716 6183 3776 5177 8522 4622 4918 8805 8909
23 2242 2142 4777 4853 9344 2240 7675 6824 7143 7448 8340 6582 4908 5390 6552 2610 5395 1017 2998 6482 981 5224 4698
32 7970 5472 8126 9108 985 8778 2640 6938 6869 2993 3458 3125 9139 9546 3587 480 725 2275 2817 1099 235 2564 6257 8797 7756 4243 4860 6112 3994 106 7220 5651
23 8244 5988 6430 7097 4385 8333 1139 198 7309 1405 6655 5893 5531 1212 5004 3716 9215 8634 7896 3943 9899 3538 9910
19 2344 692 1881 4289 4104 1902 3615 6840 592 9346 1961 7514 8314 1065 7803 7273 9948 1583 1880
13 8124 3670 2225 6425 1391 5702 56 1194 7926 9502 7818 978 4308
34 5505 176 2000 2350 6937 1235 3806 430 247 7732 6092 8324 8533 4188 4897 1308 9486 8134 4296 4425 2616 2311 2156 5542 6635 4240 7192 4931 2019 3987 253 5302 8513 3155
13 8402 1416 2966 1444 3764 2215 8545 7902 9293 4083 9317 5166 3638
18 3117 3395 4480 444 5705 7943 6283 8416 278 7505 1239 1646 578 143 6032 8282 6238 811
29 2198 442 488 5197 1526 5541 1021 9030 7204 7634 591 8531 7409 2667 3954 4254 2450 9337 7022 2281 2786 1941 7029 7819 1569 5056 5916 9179 3496
25 5481 7184 5341 8290 2722 501 9036 4739 2602 564 3921 4723 3474 8424 5259 160 8336 3345 2604 5496 4766 8443 8584 5646 1344
13 3173 4660 4019 3870 25 2273 2163 2433 8764 2136 6387 7836 4011
19 7293 5697 4688 8266 7509 5938 4783 3098 5834 8713 8860 131 718 2835 6369 1709 7279 6190 3715
30 1572 5112 4224 7240 1791 7814 4025 3186 6871 9494 165 8369 8472 1087 4598 8112 8618 3107 4353 9201 6928 2697 1035 8717 411 7283 7313 5242 2054 5016
24 1286 5436 195 9645 2302 3001 1311 255 8752 9667 6437 5859 1342 9715 6246 6492 1837 9831 9533 8849 9484 5851 752 2923
11 8745 6078 6645 211 3054 6035 7391 3214 943 1599 5091
12 1119 2128 2490 9133 7297 2826 9855 873 9519 3136 4774 1531
27 8762 3229 184 3956 5132 5653 3328 9739 7628 4508 9164 6905 5681 2218 834 4139 1720 3762 6013 9048 5130 1556 1645 8265 5357 2570 3356
17 6145 7232 7537 2353 5482 1042 6090 2186 5268 1011 7615 6027 6347 7051 5575 58 4941
16 6012 427 2811 835 5597 3562 6326 9173 8202 597 8924 8390 5485 8043 6558 6962
13 4735 8494 364 9708 1096 6680 5269 479 6299 2707 2892 7330 5344
22 1486 6896 2455 8321 9625 6985 3736 6287 6218 4649 8117 6898 3074 4281 5733 455 5648 8033 6432 6429 6143 5910
26 8767 975 1967 9043 2351 7428 9303 8887 6458 6790 4176 812 1252 4311 4262 275 9999 4961 6490 2149 5832 2851 988 6747 5656 5904
26 6480 6314 2945 9194 739 8707 4985 1225 667 4037 481 363 8139 4212 5551 7343 8316 3979 7461 4505 5872 7795 6959 7919 588 3406
9 2119 2633 1555 1623 6046 3682 7023 5608 8687
24 7322 996 2825 9557 9583 6236 1650 112 5630 6691 6219 2029 6244 2462 8180 6426 4626 1861 2749 1312 1562 6170 7382 9975
25 946 674 6003 6305 994 7299 3895 31 4628 7400 639 4173 1983 1076 5909 6808 8299 8001 8756 5265 3131 7681 1813 1169 6240
17 654 4119 7719 5911 4329 1836 6568 3876 90 1763 8114 915 6590 7976 862 7796 4409
27 2978 3977 4997 4751 1157 9991 1144 1379 5153 953 2889 3637 9281 1891 3536 5687 4560 2104 532 4432 6970 8496 317 9200 5836 2011 6043
17 2806 6993 8465 1926 6886 9125 6512 7972 6972 5253 5216 6449 1607 4185 9294 4930 1208
31 4884 4581 2705 2628 5006 3218 4805 2924 5548 2165 3883 4871 5905 1831 2337 8862 9692 4955 7802 6797 7191 2974 4134 7052 3853 223 8935 491 2102 2916 495
24 2741 9012 9825 6262 2131 360 3028 1129 7726 8510 625 9632 8436 1466 2569 249 6416 5635 2255 7124 5683 2460 9029 5219
20 447 9106 5413 6174 5254 7630 2596 1333 8022 5313 7824 341 2129 543 7752 8847 3318 1770 7872 5374
19 4163 2487 6594 7188 5764 4510 9772 2362 7695 342 3949 5462 9792 6734 505 8680 9508 7990 822
37 5895 1450 4861 7271 2896 5283 3935 8398 2046 4313 1896 5838 3441 7217 4292 6743 4484 6927 459 8145 6149 1909 2363 3665 4227 1417 8347 1679 6624 4075 621 7890 5509 3934 1894 6059 7068
26 9788 4828 1834 4371 5245 3150 4891 6759 494 1033 9213 7495 9427 8690 8884 9998 6195 8685 1801 7906 9250 1898 8693 9601 5835 476
26 4460 900 7086 157 1633 1123 2326 6711 7311 980 3267 3140 7239 6560 2612 3075 5389 9396 6598 9808 3183 5010 2405 4762 6499 2440
26 2522 7157 4640 3894 8858 8662 3507 181 258 2349 9204 2126 5331 7219 8148 1848 4381 1271 8057 2834 1371 5841 5722 7426 952 9018
24 7798 3384 7256 9041 6441 5802 3188 365 9017 5854 8604 1422 7375 4 3040 2414 6693 800 865 4177 8908 4180 5293 8000
19 448 7597 2931 1463 234 57 7549 671 6421 8273 5799 1108 1546 9839 8927 2567 3910 4137 7697
30 3548 3433 7867 9401 2568 7074 3383 156 2264 681 1567 4198 8981 3957 9573 529 4422 6931 36 6279 3282 185 4014 7601 2340 974 870 1724 330 3963
12 3330 5450 5184 7059 864 4239 1613 2364 5528 2960 6517 8700
20 3982 795 7945 3018 2521 6379 8245 1660 4870 1729 9175 5520 1787 314 5544 329 5759 7470 8439 7909
22 9689 6079 2508 9446 6461 5620 4740 8488 767 7490 6307 2282 5721 9579 2839 9408 2457 2253 5791 2034 6427 2177
28 9967 5744 5323 4970 5878 2983 3502 7001 9876 5330 2759 6975 3089 3058 5262 6653 5176 2854 689 2100 9697 765 7587 3449 9183 6096 4015 6391
7 3206 1935 688 8343 6801 7678 6285
17 3940 509 923 7139 7251 9069 7195 4932 3521 7481 5412 4069 1775 1247 4392 5487 2758
32 5674 2236 1060 9741 6329 2673 2280 2849 2066 1124 5128 3427 7039 9517 5065 7680 4017 8601 9111 6800 8362 3984 3448 8455 5 5032 1147 126 2970 7656 2857 4993
33 19 3120 4579 2670 4567 7871 5353 5101 9160 7841 7747 6176 2497 9738 5986 1039 9343 8470 851 8966 8870 1957 9308 7998 1914 8866 9682 2821 3882 5993 3031 4101 5526
21 1908 417 5474 2381 7941 9032 2021 3931 1263 6273 9387 7974 2556 2277 3492 9961 5538 67 3234 6610 1795
35 8353 1222 3522 960 4324 2544 6617 9837 8466 781 2827 2816 2831 449 9480 9434 3165 4115 6652 7327 3331 6814 7794 8327 8461 9277 194 9426 6723 2929 9122 7607 9856 4152 1383
22 1554 6952 1326 9311 3243 3690 5479 5892 8985 7160 1316 3955 5723 5844 8793 8365 416 9008 5345 3769 8350 384
7 1155 4789 5991 7813 6509 552 542
25 4340 9518 878 370 4616 8818 2985 485 4800 1904 9548 9068 2185 8218 4844 3259 5422 2309 5167 4265 4680 9746 5946 5912 8824
27 7501 1125 9558 2641 7975 9238 2664 7623 9312 8792 679 1841 1826 3400 4711 5346 4470 4691 9278 6051 7032 8480 5175 307 5033 8807 46
29 7181 887 7371 9457 1932 3415 15 3232 1313 1495 9413 5594 3624 6241 83 8642 5423 9479 7296 9797 3121 1619 9270 3072 4905 7660 2672 4033 5099
28 3139 7168 3263 1268 2858 3888 9138 6322 4333 9617 3671 2453 4813 5947 2180 4606 9379 7977 6866 202 6939 8538 1007 2183 2956 213 2342 2660
29 938 1257 2752 1668 4503 2408 6358 9662 6661 3484 6742 7477 8622 9611 9181 4847 1172 2790 7577 684 347 2729 805 1703 1890 875 4618 9155 7187
23 3091 4712 5471 2226 5405 206 2223 7378 2452 76 8264 3975 8471 7218 6850 6298 3219 4458 2103 7582 3768 43 9143
32 4575 2763 7874 8036 1584 6796 2880 5146 4732 4982 8881 3685 8181 507 7691 5931 5725 6839 1404 3070 1288 8826 1707 1126 7403 7030 8613 7978 7214 9575 219 8775
33 1989 4848 9234 3757 4226 227 6835 7545 7083 9383 4118 1421 4465 6306 8268 5707 3118 8381 2494 5915 9932 7885 3056 9233 5600 4348 4771 3335 6310 9794 3577 1050 3290
14 1057 4611 6546 1792 2980 1995 2212 8891 9304 6151 8404 5943 6107 2368
16 9586 3796 2315 2926 6718 6316 2843 3917 3291 3837 1394 3279 1072 5508 318 40
24 3487 5590 2130 7417 6864 7104 7231 8593 4577 9059 1742 9376 6639 6026 3045 4034 4809 5819 3472 7530 8594 8456 5969 2031
29 6792 242 5637 6006 6074 8800 6705 3112 8822 7437 8922 2862 9510 4215 5519 2964 3619 2174 1068 8843 1960 8547 6604 9748 8317 4197 79 5204 1973
20 7787 4167 119 7647 9307 5163 5896 5627 4665 3966 1783 1524 9633 8553 9148 125 2761 7648 1859 5278
26 9455 8277 6250 490 3933 3029 7282 3223 1137 1151 3068 1705 4950 1533 2361 3998 9302 5385 3111 9063 4556 2168 8888 6103 8051 1069
9 8016 7071 9126 2123 2265 4361 7368 6354 7760
33 7105 9844 1255 6228 2258 9488 72 6484 8753 5200 5642 3518 831 3687 1657 4752 9827 4676 2347 1659 7764 5611 9261 1656 1290 1958 7237 2423 3255 6998 3374 8339 9644
8 7345 6523 7986 5650 820 9021 3532 4084
13 6729 6433 407 5736 6855 7116 2065 7138 5887 5348 3142 8253 9147
21 1823 7922 6444 8444 6386 2813 9023 2387 8351 754 5840 8812 1917 1798 5866 8385 3948 9956 9418 6650 37
13 2289 8034 9824 8108 3052 9615 145 2674 3535 1400 9963 8871 1135
14 7394 4852 2529 9513 6516 148 451 2859 3426 8823 320 3516 1114 6894
25 8525 5713 1269 1341 5074 4093 5871 3886 2064 832 6682 9366 207 8567 421 2355 3417 4345 2913 2679 8232 4133 598 2120 1776
32 6495 2047 9279 358 866 9836 7238 7602 7714 8127 1800 7620 4658 1185 6091 937 1461 3845 4509 1187 6833 452 714 3231 828 9672 1885 7723 9777 7551 3964 283
16 8156 9674 1517 4978 5356 1639 4326 7852 8530 7566 6930 2842 9889 8205 9287 7733
22 5626 8658 3602 63 1427 289 2111 973 1293 4412 8412 6124 8431 5162 4927 2196 7128 7008 5865 7396 2025 8933
14 4306 2327 5392 4655 4231 8247 6359 3953 4417 229 9865 1266 8017 9527
17 9979 1846 3467 2669 1949 3446 4726 6989 1275 4549 2560 7565 7520 9683 4827 9791 7773
13 5664 3013 5750 3254 987 9541 2714 228 3194 9525 7053 9520 4275
24 4572 7689 3529 6464 5095 173 2815 5103 7734 9221 7004 1377 924 9871 100 3633 3592 6803 1418 6763 8679 5533 1458 9896
22 1433 5382 6122 1550 5193 7778 7576 556 7275 4355 1667 1662 587 8360 9818 4067 6510 7964 6028 3065 7147 7130
30 3310 9244 2868 7603 3346 5289 1445 1951 3798 2677 968 201 6168 6196 8161 3509 1334 9917 9375 1282 4591 3277 6121 70 6789 7467 8976 8359 3284 7662
30 6491 8010 7815 8663 5701 8833 4551 7209 6615 8989 4862 2730 4866 4565 6288 9417 9945 8857 1540 9395 717 575 2733 2190 5798 8280 5407 8651 8348 3575
20 1934 3703 4001 8045 3261 941 2188 8543 5980 9372 3325 9970 8929 1197 9616 4513 3676 604 5703 180
29 4872 2689 8998 5959 934 4761 4291 4922 612 2492 6875 1130 1413 3901 8983 3814 6047 2427 3419 4840 1632 3137 7878 8137 7772 5035 5631 5248 2780
31 8458 5885 525 4269 9440 2975 8423 2846 3909 991 3181 7755 8850 9771 1179 3062 3342 6934 853 7875 9765 4678 7123 710 9076 7269 8608 7826 3787 215 4415
25 8784 6564 7042 2688 9067 1509 1869 9074 111 5964 6991 2502 378 8289 4183 20 2509 3889 5918 1356 9717 8276 4945 8037 4070
11 9144 9333 5633 4372 7294 2957 7420 7546 6569 8071 8722
20 2646 9568 7211 5599 1372 7868 6756 5024 7619 385 5397 4719 1865 1258 5781 6093 7980 5067 1020 6820
26 7228 8838 9314 5546 9134 7043 1561 6251 2847 1701 7090 2332 2348 2514 6677 8815 1226 1145 1049 7979 496 5363 3618 3498 8987 8383
19 7487 1617 1043 3912 7441 1382 2325 9618 9781 9448 1163 2651 1191 6303 2879 1741 3748 9723 3488
28 6 9107 2653 9217 6676 2209 3370 5629 9815 1477 7927 594 6384 4553 8097 3571 144 4765 2322 2241 5041 4747 2770 96 2001 1602 6417 7735
26 4127 6333 9060 7987 3407 6049 2819 3971 4178 9607 5021 6289 8644 5939 1398 5458 1412 1154 3404 2872 6949 9807 3558 997 1751 9357
8 1041 863 5292 6964 7829 3664 7632 6521
15 3337 9487 7127 178 123 1419 4609 7200 3207 8147 3834 7137 2360 52 1956
29 1270 2768 1343 6177 5559 136 1488 2723 9602 5418 8178 5673 4400 4623 2463 1238 5469 4391 1494 9652 3222 8384 8356 5230 5499 6084 5152 871 8755
30 4944 9949 6795 5613 4617 5532 4092 6651 565 5104 77 824 7486 6446 6891 2057 5644 3101 1612 7308 8002 1868 8258 1485 4444 2716 7244 6553 8761 936
30 8785 3743 9630 2853 7100 3891 7644 1324 3849 1678 7984 4972 3246 2421 5388 5037 3617 1425 603 1750 7614 1988 1103 9736 3135 6372 309 4578 5495 5298
28 6470 4245 7404 4111 7170 9516 8089 9918 5464 7489 2027 8647 8526 5618 1496 9189 4079 7258 6061 8949 1579 9245 383 1410 9873 6308 1368 7785
14 1367 9925 8572 3003 7027 7543 972 8740 6147 3781 8579 9714 2495 7315
32 4249 2537 433 2942 142 9326 9472 292 3554 5670 1127 9319 4117 1200 4050 3293 5094 3586 7288 3797 5606 8923 9398 3841 4737 9005 743 6817 5350 391 2409 9251
9 7653 5416 2588 2250 1796 1016 8934 2053 3224
26 5694 1048 5641 3691 3802 9013 7821 798 1744 2518 4990 8964 4659 6885 7301 8660 4238 7767 905 8561 3283 8174 3973 3782 3258 4608
10 5044 4376 1580 3695 2792 5634 5449 7700 8088 5334
22 1459 8595 3766 5327 3079 1853 9596 7583 7624 4005 376 9203 2971 9328 663 1542 7504 6708 5147 4599 7933 3936
12 7431 9627 7704 7439 9803 8397 2137 8904 6631 9590 4540 8994
27 8272 9235 4895 2774 6159 6264 5127 3641 2403 4270 7018 2781 6340 1590 469 651 4367 8528 6996 4146 7065 9542 8415 183 1243 4493 6785
29 3980 5510 3236 1203 7559 7145 906 6906 8620 9784 993 2830 3399 8646 4341 7252 2039 2248 7540 2658 2580 137 5501 9608 8813 4280 1 1152 6156
17 7438 3268 2950 5080 2454 8200 6378 4343 7369 838 3824 7046 2563 5921 3209 1338 7604
33 2517 8852 4485 749 9435 7407 8064 7113 1440 1171 9176 1887 1577 1964 1608 9016 6878 8577 7542 2016 305 1070 1726 7722 6452 5685 6629 925 4909 5873 7276 120 3874
24 7741 1092 3821 9902 7230 4344 3884 707 3023 2434 3727 5214 9947 2927 2339 1037 7854 1907 748 5773 339 8677 1640 4887
19 2721 3000 4971 4963 4077 9042 8864 5570 2844 8427 3093 3800 6179 1210 4904 2004 3216 1844 438
14 9814 1158 2295 4791 1207 836 5669 874 3298 4868 6217 1019 1499 7488
37 7285 8291 2848 170 4790 9725 6132 3840 5185 209 2144 5795 1455 8524 3621 2210 9168 2655 8240 6210 6781 6915 6579 4545 8286 3212 4413 9414 2010 8255 8011 4571 9091 4837 8688 322 4202
17 1975 2117 149 1116 6843 2062 3317 7272 6457 6852 3034 9829 3114 722 1175 3341 2058
31 9648 5046 9651 5941 3897 6914 5621 3968 5190 5438 5768 2208 3250 7751 8517 4399 9526 4576 6022 8129 2093 2890 1591 8246 2824 7480 3804 9241 121 9083 1649
21 964 9473 7893 6318 8704 5143 6853 5089 762 584 6016 6665 2682 8311 4222 678 2884 4166 3394 5979 8564
30 8655 2069 4635 5001 5719 2607 8475 5894 3867 4727 7516 5583 1972 691 1193 4750 4864 4452 295 3859 5925 4631 1389 2472 8295 4010 9940 4822 8029 576
12 825 2077 8025 8504 8727 6644 2914 1903 8977 4627 361 977
34 6902 4362 9767 3019 9141 9297 3528 2701 9854 333 7771 3300 2525 2940 5907 3880 8075 4526 4259 6390 3295 4477 5083 6423 573 5822 1080 7702 3480 9499 3969 2203 4199 1842
17 3359 7809 3338 2989 5154 8623 4389 9354 4125 7552 904 1241 614 8612 2329 1955 2645
16 7711 6786 628 8750 7494 2475 1998 8235 6770 7533 9403 6505 9210 8130 5761 1563
26 54 8003 5989 3447 9559 2426 5349 7538 8158 1298 7154 9958 7539 3380 4169 1708 5273 833 2070 4082 3908 3397 1895 4258 8103 130
30 9880 8115 7419 8516 8193 9154 6980 9438 7221 6204 6625 6325 8809 3995 7981 3688 2005 3289 5524 2903 5850 9669 3568 1547 3412 5752 1856 6203 6769 8026
15 9220 3305 9646 8965 3774 3128 8261 2224 3344 2271 3639 5310 9983 4164 3547
26 8251 3504 6245 6460 3860 9622 7298 7443 506 888 705 6580 9009 6165 3084 1434 3081 516 9300 3443 8142 4160 5828 7356 8223 894
18 3801 2056 4237 8485 8742 3014 7595 8626 2393 5439 3046 3146 3783 5655 3264 5647 3827 5207
20 6621 4218 4046 7278 4247 9336 1150 5999 5746 8746 9955 5486 6958 4994 2229 6018 7250 8391 3266 9553
34 6467 5777 6772 6986 8691 9637 6068 5362 2292 3730 1786 982 5007 9198 2148 8709 8508 983 8907 9857 5846 2483 1974 7971 1629 6854 3723 4039 465 6846 9131 7165 8312 7761
22 5490 4869 6428 4321 7713 986 1403 9416 7682 6370 2407 3851 944 2962 3945 8900 9162 7739 4098 6719 1761 7564
18 164 6017 1469 150 2973 8970 6583 5498 6551 4217 343 6715 1230 1571 4241 2772 9799 1246
12 1216 5159 1976 2412 3986 5223 5696 1857 1694 6951 512 454
21 4810 1722 166 7111 6500 783 7442 8166 9753 1575 6030 3672 2990 6591 8776 3923 5831 6233 5545 9907 4830
14 6131 9960 3503 5013 6411 7019 1979 240 6184 600 6812 6539 267 1259
29 4054 1661 6859 7277 5987 2175 6506 1038 162 6813 78 1062 636 4486 6130 7012 2085 2598 6111 1669 8281 1999 7946 1063 2746 116 6936 5737 659
25 7563 735 1281 6662 3064 6232 1083 806 3976 967 5075 561 7447 440 7242 685 948 6481 8668 653 1498 436 3588 5623 1588
7 6365 9686 7332 34 773 1670 2125
29 7133 7320 534 7179 4357 5805 9555 531 1875 6503 9466 9001 8656 9915 5182 7106 2809 7938 5591 9749 6064 5456 6626 8481 1578 8632 4563 7729 8937
17 3213 4447 2049 7820 8151 776 3861 6687 4454 6267 6773 8735 3240 1665 3551 4263 2373
17 8683 4250 2994 8469 6760 9704 1309 8081 226 1944 5478 9843 1574 7748 7959 699 5556
11 7536 8318 2121 9588 8889 2189 3189 5108 1061 8330 4157
23 8718 2003 5902 4251 2910 4697 1134 5882 7880 3096 9641 1294 787 1849 4339 7910 8895 3519 4335 3004 6037 8723 2191
31 2018 2891 4347 3095 1939 5602 1899 5917 2631 3047 715 4207 1278 5668 4192 4700 2084 4534 2328 6278 9861 281 3553 520 4538 1551 9942 2803 4743 4140 3227
17 9158 7386 3440 2446 2829 3127 241 8076 6585 8532 2145 4548 3292 3725 9360 9471 3022
29 9780 8106 785 3662 2575 1358 6696 7089 7093 6971 1277 4229 3852 4561 5194 1401 2386 1862 1120 9456 9959 4695 1552 8912 6531 5515 3684 4975 135
12 9657 6752 8191 5120 8118 5338 4593 3439 3760 7962 7021 7274
21 7267 2284 5778 4294 1443 9285 7584 5082 5536 5874 9734 2820 3309 979 2300 5225 8080 4746 3710 3425 4483
19 1215 7921 9225 1762 7335 477 7522 7359 7995 9223 2532 7424 7058 3235 759 6776 885 1929 5444
7 6055 6105 3712 8781 9257 5480 9921
32 3721 9492 6253 3500 7877 2600 9378 3981 4880 6601 2402 3960 3777 2779 670 5922 1285 4730 9895 424 4332 1432 9785 6497 3813 9891 6205 7377 5027 2160 8209 4646
12 2316 682 6380 9493 8250 2812 6664 6261 9639 9229 3560 8819
31 6281 6571 3468 5055 2713 4803 2041 5188 7370 1711 4128 8817 9969 2040 8015 2833 3567 1420 6073 8569 8105 22 7775 8019 7265 7233 9423 6158 1423 127 9163
16 4673 3059 6559 4499 8100 1541 8486 2620 8394 3436 7596 2955 5582 7302 7517 7655
11 6353 1624 5711 101 5936 6057 304 7466 9301 9377 5239
31 7460 2030 5808 8078 630 1075 7650 3775 7783 3896 8014 3037 4992 8307 6768 7568 6628 5522 8602 4272 7639 237 250 7497 3898 7201 3378 4979 4634 118 9385
24 539 3354 610 1553 3999 2323 5364 3661 664 9980 232 7982 7649 1682 5900 7758 711 1912 8230 5000 3533 4018 9064 7453
21 3795 6227 4473 1681 7393 4554 1181 3178 4881 4004 903 6317 8013 8422 4427 4044 6224 9762 3701 6589 4107
33 355 4342 403 2785 3582 8476 3049 64 4338 3546 9938 2458 5720 4304 7731 2406 9298 8519 5110 6528 2285 9660 6668 2668 3771 5675 9673 9356 3060 7881 8897 8116 4065
16 8395 8152 9551 8279 6293 8699 9120 3919 958 9249 6276 9066 1014 1943 319 3085
27 7146 907 8877 7737 7696 6561 8592 6119 7528 6058 7708 5568 7740 8549 6242 5208 6707 6513 8113 4596 3922 1261 2312 5215 7388 1749 5169
26 5908 6917 5141 4564 9500 9911 8487 28 5277 2976 4795 7163 1077 9872 518 9410 8734 8506 8490 9840 1544 7057 2267 7474 6178 6142
14 3515 8274 71 6070 6722 771 5459 3203 3581 6879 7736 5264 3915 5732
13 3694 6154 5927 5210 5303 4664 6343 5020 3807 5430 199 7433 5361
17 396 5932 3799 7099 1132 6883 6376 3143 1501 6413 8341 1428 537 5318 6636 5441 8119
22 204 4488 1690 6234 1429 5144 5315 8841 8741 6180 7808 5158 5580 5817 487 1465 6613 9638 7591 393 9088 6527
12 9919 1010 9485 5690 9676 9331 5708 8550 239 1675 5071 2516
22 4074 5940 8408 236 5238 3722 8865 1131 9636 6920 8936 3972 1025 3881 3161 3313 8331 3857 4504 2771 817 9634
24 8087 8548 5862 5325 6887 4375 466 5160 8928 4453 1644 1923 8996 895 2636 3145 6910 7529 8724 3481 9887 2380 8995 508
10 7833 5150 7178 369 9429 4500 257 359 8596 5518
10 446 4980 4594 8004 2173 167 4642 2901 2528 7310
5 4624 4722 327 5059 7206
21 9742 7806 8328 2648 7094 640 1195 6332 1454 8065 861 9051 7096 3531 2333 1695 9885 2172 1971 912 7037
15 4189 1576 2777 5272 9151 4753 7569 1153 5488 2659 7830 6223 7857 1339 8453
17 2193 2352 4689 6943 4612 4644 6793 5884 5118 6060 8845 1621 9853 5726 6302 5228 7679
12 9540 4949 1706 3656 6750 3741 8215 3454 8392 4431 3900 3368
20 5758 3719 7316 3097 2048 954 2105 6690 6554 6248 2246 7997 6911 5949 2593 6472 7676 7658 4286 839
19 5794 1143 3119 7918 5129 5073 2371 2587 2092 1199 593 9498 9334 186 8957 4401 3932 782 4482
32 8248 214 3382 2431 2244 3697 2687 2202 9532 2963 1952 9268 4710 3489 1483 1830 4274 5126 4943 3704 524 9802 637 2643 5148 2157 5870 1683 1462 8208 5050 105
19 8150 2898 6950 8657 6608 4398 3593 2115 5780 7264 9598 3353 2101 1658 4999 6479 9747 965 2756
18 7817 939 9469 8162 9170 7954 3333 8874 7374 9132 7286 4907 4544 5030 196 1557 8730 7261
22 461 1086 868 5414 4204 4443 8535 1375 7136 3115 3166 2747 9760 775 9506 9380 6388 3039 154 8138 2798 766
27 5136 9266 3391 5354 6638 5786 971 2538 3751 3610 7823 7853 5729 7418 1396 484 5023 8631 7616 5804 8910 7507 7423 2807 3856 1478 9073
12 6207 6349 6082 7173 6766 4615 244 1408 1597 9458 7581 8552
28 6530 8357 9272 2152 2999 2724 5140 744 2397 1648 3322 9441 6826 966 8537 9367 5139 5195 8896 6632 4683 7784 7031 1505 5749 3918 9570 243
23 2269 4845 9136 1851 3082 6669 574 9700 6088 5380 7923 1056 8678 8337 8930 6926 1034 9924 2299 6286 3386 3116 4089
27 3868 559 3164 5601 9775 429 1317 7164 9545 9681 7963 2700 3967 2675 2855 1274 2279 8183 9656 9522 2615 794 4741 5183 7367 6297 7754
25 5898 1289 7354 6709 8738 8008 9477 1685 3248 8714 2396 511 1799 6540 5008 9197 5928 3822 8751 1592 7317 7511 3452 6175 9647
24 3733 7846 4000 7186 8836 4814 8961 5399 2260 1839 5164 1508 9404 8335 8990 4354 4448 774 7408 5776 3863 9745 3924 3667
9 4298 5659 3306 3642 1996 8772 9415 6686 301
9 2400 8905 3494 3928 8434 4550 8131 4027 3911
16 81 8204 3965 4527 9859 1397 9467 3569 4201 1008 8495 4736 6214 2810 9858 4692
11 6692 3269 1325 8716 1593 6716 6463 6319 9535 8999 3647
28 9028 6627 5677 6828 6213 4893 3144 2531 9114 2033 463 4030 6133 3808 7406 533 1388 6231 1081 8558 6977 2158 8270 6542 6697 8948 5281 872
17 738 3086 7483 590 7425 6254 8582 5427 1395 5180 1782 9243 1821 8185 4964 7492 115
7 8672 8374 8676 9677 4386 2736 3185
10 4232 2336 9428 1959 1686 3557 5821 5662 1473 4796
28 3555 4566 680 1064 8514 8110 8791 8629 6565 5052 6443 7996 5876 6992 1253 4921 8101 6832 7257 5671 3803 9898 441 1882 721 6468 2247 8459
16 4802 2965 9813 4938 4003 6098 9537 4889 5415 9914 1442 3679 8069 9721 8554 1688
