26 466 8098 6372 7628 4188 3255 8355 237 128 1516 6237 1930 7363 4438 9433 2807 8790 3464 2052 4368 2155 8429 869 7025 323 3982
24 4032 5383 8216 4669 1098 1982 4985 455 5845 6335 1091 8274 2978 1676 1390 8480 7379 7141 133 5355 6799 9165 4887 75
23 9307 1675 9441 1792 3629 6720 3292 3052 238 4652 9076 7533 9481 1361 5738 1350 2533 1128 4173 220 805 1980 1631
25 516 712 6543 3333 9354 261 7371 5419 5950 4425 6210 2486 4177 4001 7841 8930 9627 517 1627 7218 9109 6703 5643 2695 6499
26 5956 1356 2111 3218 3463 6862 4008 3589 4265 7687 6204 454 5989 5470 8442 2605 8284 8856 794 5872 5807 7040 3947 9051 5859 8446
29 2634 5143 765 8892 1794 2798 2123 9235 8757 3607 1440 2811 6527 5295 3151 9485 5732 1608 2142 2968 847 1603 1105 6978 2451 8588 3531 7741 9752
27 2953 2765 3488 4427 2621 7672 7333 8589 7538 2426 5799 6829 9903 9586 9677 7139 3062 1591 4490 9897 7085 3022 1367 3280 5357 5024 1584
22 3578 2101 1051 4731 2724 6058 9250 4673 968 3433 3421 3110 6628 6988 2828 9570 6091 4582 7206 25 1639 184
23 3171 3749 4475 4096 5284 6986 8520 7265 9116 6626 3290 6089 7392 8423 2434 9474 5880 6585 3892 1034 9588 3024 1606
23 987 8028 9298 4347 7151 8820 6350 6489 6886 690 1216 9869 7974 6822 4215 1231 2882 998 3175 4525 6114 149 5380
24 6215 1409 2531 7160 8486 1760 9656 9081 3867 5483 4889 3379 7702 2593 382 3084 9983 3869 9296 1001 8880 2859 6195 4956
25 9389 7718 5375 4002 1405 4025 5165 9277 5311 137 7554 4389 800 8833 209 8846 914 8619 6788 5126 4168 8178 658 8940 1709
26 6071 9597 9547 35 5096 5704 4455 2557 5812 9642 8106 8015 7071 2913 2589 1626 9611 1123 4488 9376 7354 5056 4135 2271 9833 1580
32 7780 8778 4402 2702 6690 2307 3872 9390 1732 4636 5145 3485 9207 1157 1494 4870 141 3841 3881 6642 8715 5012 9034 7755 6422 3270 5565 6368 7088 3152 5795 3655
28 1126 3962 5325 8315 2517 9722 4511 8439 4928 4675 8975 6066 7927 3100 4430 5716 6996 9652 56 7892 7300 6334 7729 3391 1963 9505 992 2869
29 4243 2167 5957 7249 5269 6604 7302 9270 6107 7378 4650 8466 738 1960 2710 6753 8705 8317 9693 3295 451 1884 8562 8824 5356 1455 8764 4515 4806
28 8489 1081 8517 2158 3730 2738 7411 810 337 3489 7087 9618 7742 3924 1818 5547 8599 5803 1075 8697 9414 5866 2210 7092 2376 6892 1801 8487
27 1724 2409 5105 9271 5255 376 1131 1746 2785 3226 8795 2115 9910 8647 5587 2058 6145 7289 4145 4514 8567 2398 5415 5843 8034 4478 3897
24 5964 8593 8092 2143 8481 5200 4937 6831 8766 9901 1659 222 8276 2810 3946 3602 4018 8576 7338 7091 8089 3068 7043 7797
26 283 4419 8865 13 5148 6270 8156 5401 2956 1211 7303 6216 7399 5488 8076 9533 431 8642 4990 3894 1650 2842 7196 2510 530 478
24 224 1669 4831 2077 8961 5862 9218 1851 7489 4692 5038 1023 6957 106 353 9540 8459 4879 9158 4094 6775 4363 1565 1097
24 5629 7562 1693 6660 1950 23 1657 991 7981 725 7429 4266 317 636 5750 8622 6106 22 8168 7290 936 4598 7157 3015
27 8982 1726 912 7430 4742 2706 6614 9173 2689 7766 9896 9750 3367 1327 1597 4451 1300 2318 8605 5400 9005 3584 6554 244 2641 6115 4487
29 167 6919 9566 6722 8968 6501 5737 6111 6352 48 5159 393 2217 9530 3174 524 5155 2075 1406 3779 3807 9241 4353 2522 1264 8325 1256 7550 6032
27 9177 9489 669 4022 2259 916 7100 623 4722 2747 4332 3124 8692 1069 3211 2769 1814 8814 5744 1673 3304 236 6317 7771 3826 4881 6412
28 6284 2341 2086 7608 3142 4047 6881 8064 938 2333 1885 2141 3799 3360 4255 9641 6362 1821 7070 761 2255 2493 1876 7593 127 9608 1837 8084
28 1366 3985 4302 1653 9187 26 2637 5534 2258 7298 6126 3809 4682 7719 9320 9717 8070 1610 1971 8417 6310 6552 7964 3308 5445 2264 8685 9761
33 6595 5739 4324 5404 1900 1720 9360 3214 631 7096 2936 1874 4846 4421 4230 4274 3997 4567 8652 2177 4120 7503 5711 1227 5992 3403 3825 5983 6643 833 7825 1786 3285
27 2135 9095 8752 2576 9483 7847 3483 2741 1346 1622 5822 6994 3585 2283 707 7461 7795 7773 2479 8811 1882 5709 5979 1923 8370 1103 9297
27 1073 9669 7685 4726 9036 4793 1201 1729 2986 7763 4813 8737 1099 5289 9148 6641 6882 2239 1421 8198 6078 2567 2666 3129 8048 1273 3680
25 7163 6848 5480 7276 6321 4914 9245 1704 580 1700 7385 7605 8534 9281 6094 7182 229 2764 226 5677 3936 9667 6743 7553 8234
24 7694 5051 6852 8907 4572 3028 2391 7130 8006 798 6571 4180 1473 8951 3771 8222 2377 292 8840 5104 1699 4892 6877 2539
25 281 5762 3388 1707 1067 5902 4301 5079 7665 5267 4983 6723 2312 8879 189 9886 959 5474 7535 2180 6426 651 709 8226 7683
23 813 6733 4276 1212 5440 576 5244 9805 9344 2482 3724 1156 5882 2800 7060 7117 9824 5487 6411 844 7390 6896 3967
25 6224 8175 566 9383 2858 5991 7010 9399 5265 7542 7689 7599 6580 7396 4781 7327 1674 3652 2616 6605 1871 4218 8214 1033 4627
29 9025 2372 3169 653 2033 4289 1677 7036 2459 7177 4481 6470 2884 6612 5230 4316 2733 3689 9356 5687 5525 2768 2875 2745 9169 4048 9343 7233 4024
29 1215 4730 2031 2429 8159 592 8157 7868 71 1776 2601 5934 414 6146 9539 9906 952 1933 8408 3188 6999 6004 1530 6645 232 3364 3365 1828 5516
23 3358 720 3816 139 1830 4615 5210 7095 9950 9362 4460 7050 7490 2530 7530 8444 1375 3242 9242 2825 3087 9132 797
24 7190 2771 7361 862 8611 9551 4851 5337 5710 2951 2057 4471 5892 6095 5690 8799 8691 8744 1174 6821 4396 6967 5849 6311
28 9488 3937 4867 4092 9261 8609 6956 2007 2505 5848 5723 9945 8956 9908 9661 1188 4013 9704 8204 2705 5059 9272 6714 6672 5504 7748 2937 7923
26 6055 4346 1255 5020 1544 1938 2809 3095 7107 4997 8511 20 7231 4495 7617 263 2880 1423 1543 4716 4267 4021 6143 2660 624 9821
22 2742 3063 3352 5084 9962 6983 2502 7041 5496 4356 1240 7887 1276 871 5448 8262 7501 7725 4209 1904 3595 1430
28 6771 6262 2529 1247 2203 8761 6481 1839 9263 7941 3703 8632 9043 2453 4908 597 6088 3554 582 8554 6343 7264 181 2541 6381 5810 4479 6446
23 105 1047 2948 8111 6526 3821 6097 4839 4621 1396 6279 7275 7178 6049 2503 5667 7532 1045 2449 5072 4986 9659 4934
25 2893 2496 3434 3424 4242 6131 3072 3228 8866 1841 4683 8787 2963 92 5497 5469 215 8559 4055 3695 5937 5996 9373 6759 7815
24 6190 2012 877 5396 9031 8133 5192 6497 4874 5125 2966 1642 3006 9686 1865 7812 107 315 6476 7262 7319 6295 8142 7791
25 39 2002 77 7896 2161 7443 6745 7154 1652 9074 6841 3857 4042 4577 7478 4468 9941 9816 8987 5010 1535 1536 7408 6706 5678
24 921 9196 2725 2469 6839 2201 9471 8174 3762 7684 9645 172 881 3000 3004 7866 4599 9093 8834 3330 1747 3731 6404 9394
25 9658 384 6569 6610 8634 7462 2902 1497 5013 7028 3522 2551 5359 8522 6797 6532 6473 1564 9924 900 4369 8091 3977 6427 3934
26 8680 1146 2076 8341 2885 7529 171 9301 7968 5555 7062 5417 4548 8565 621 9680 8996 2464 2425 4741 3504 9428 3900 157 6498 2194
23 5028 4822 7648 3077 510 5279 2534 9558 7750 9190 2137 5107 1845 7236 3863 5618 2406 5011 655 1836 3336 3802 8042
24 567 5360 5479 8104 2679 8800 8507 9965 4103 3477 50 5319 4374 7713 4216 949 4973 4961 6443 166 2102 9657 7134 4126
28 4064 7670 9615 5313 6684 5123 5665 9198 7652 6827 3221 5701 1586 4251 6873 7698 322 6579 1567 1485 6109 7355 5871 6069 2467 6705 8776 2039
28 6492 218 849 5324 7993 7452 667 2797 2181 1858 2336 5734 4190 7951 7922 4199 9201 9332 6528 7093 5717 5232 1986 7110 976 151 8435 751
22 6002 6142 6495 6285 2571 3325 7483 3684 231 5053 3493 5172 5418 6998 1496 6302 6513 1171 9312 3103 7933 1101
28 1743 5538 5977 1918 5029 5330 8997 2471 685 1437 2989 3229 963 9292 6320 2542 6434 4998 6235 775 3426 2562 5652 3918 8114 1931 3478 9251
20 6727 4533 7278 8050 9798 4543 8463 9519 6646 1901 3712 1194 5566 9681 2018 8451 5854 5052 46 3707
21 5304 2982 2896 6371 6907 9537 5740 2105 8384 7673 3178 9419 8675 5514 2676 710 6394 8136 7551 4930 743
24 6280 8108 2813 2599 8160 1307 4540 8636 6075 7012 1167 5413 3868 5530 3662 808 7312 8970 2100 6763 7417 1116 2273 879
28 9545 4573 6709 5 3942 225 3645 3540 6292 1224 3144 3717 9978 3880 6541 7819 5458 7214 2079 4943 4712 9916 5963 3046 872 321 4590 9454
24 7109 4706 1997 2640 8407 7342 1893 1177 6908 3045 8984 2525 7455 1441 8179 6266 1414 8016 2149 8772 9511 4948 3043 8060
28 1939 7169 6358 1209 8140 6484 8241 3432 8676 5653 4938 3342 8553 9082 6529 9494 8193 7099 3340 8575 5904 5283 6920 5214 6666 9496 8296 375
29 8976 9017 4458 2305 9698 7992 1465 2366 8813 922 628 6816 1529 8252 5352 4144 521 7098 2230 5627 235 9970 9801 9238 2060 9008 6977 8361 6761
23 8101 5776 29 679 355 8526 9156 4085 905 1554 5867 1238 6364 5428 6769 9719 494 8456 2173 6288 9746 259 6774
27 9184 4134 962 9153 2970 4784 3925 3903 3610 9674 7580 9974 8603 3159 7504 7181 6006 3697 8215 426 1318 4953 1482 3785 9326 7125 1376
24 8983 584 1104 3206 574 1133 4264 6622 3008 2089 8608 2497 9138 9314 5481 5985 2268 4810 4439 4174 6651 3480 9926 465
31 2574 9439 2499 4901 6910 6697 1277 784 4031 2655 4213 6259 4586 717 2247 981 3773 9774 8671 5374 2266 6158 2977 5490 7808 9739 5581 3239 4450 5486 6658
28 5173 6563 1478 4016 9498 7479 1649 9725 3811 9405 560 5138 5274 4084 6698 6017 5175 2316 6789 8334 7745 1864 4700 1477 3069 2658 4711 7517
25 477 9072 6157 4645 3992 1506 5240 6912 5753 2573 2164 7519 8378 531 3808 4206 7172 2906 8962 3674 9466 1651 2172 964 6293
30 4613 3743 5630 5751 7558 3324 2381 8826 5806 381 4083 4666 3796 2644 4449 6170 9315 6540 3009 8681 6835 9045 6783 6927 2612 3961 8493 8839 4512 6819
30 853 1983 2555 2636 4360 9557 5098 8401 2898 4910 1538 8682 2682 4987 1856 9042 7133 9836 3343 1400 1912 3297 4043 9205 5495 7786 2431 7101 501 7008
26 6428 5305 2184 4407 9993 326 7415 2023 7034 9783 5960 4526 2873 5499 8992 5226 3792 9102 2564 7150 6979 7898 3401 6067 3546 1129
28 3032 5048 4349 4807 6196 6863 4591 8695 8357 4970 4186 9122 5787 8745 8533 6945 9625 3914 842 5550 7770 2967 7691 7916 9473 4129 5563 1825
22 6598 1108 293 5874 9338 6363 7140 425 3355 744 6536 7213 639 6560 9504 7910 3705 3758 1435 2817 6849 4656
24 4780 8030 4503 6257 2886 2384 8549 5083 2128 4929 5797 8360 6165 1524 5510 9232 9967 5962 6144 8500 1906 33 5366 1059
34 5760 2235 1682 9011 5049 5063 4249 3428 4198 7119 7525 6530 6764 7852 3845 8311 1484 9931 767 7629 8018 7469 8945 5409 960 7170 2124 9825 8414 5219 2485 5523 5836 5935
26 9696 160 9083 6847 6401 6160 3023 3553 4095 5680 1656 3859 9115 5093 2140 7422 9815 8053 3923 7295 3137 640 4370 7362 8972 7129
25 6509 495 7143 6936 4484 8264 7436 6466 7623 8569 583 3726 9508 2732 38 8893 676 7500 7619 9089 88 7757 6742 6379 7116
23 8273 5196 9891 1427 5476 2631 4286 5909 8062 3372 5790 3915 408 7029 9421 5398 168 2120 9450 2291 3895 8454 8672
24 9233 1138 7410 6702 9724 5582 9966 9643 8827 6921 6180 3976 8830 9192 4844 8163 8131 9596 4285 3422 892 4341 1114 1696
26 5477 3114 113 4905 2659 9534 9989 6086 1118 1161 6515 9753 6736 6406 6437 875 2272 2228 8815 1913 4127 7879 7223 1604 17 87
26 3237 4570 5502 5116 1778 9977 4654 7893 680 188 8458 6566 7531 5281 8918 4149 3014 2308 5686 8515 111 1234 8873 1722 8147 8377
26 851 1528 9743 3065 7224 1555 6767 8013 4689 2277 4284 9449 1266 95 8960 4437 3890 1721 8323 8614 6325 2561 4158 733 2932 8518
28 9766 7666 5376 433 5583 5112 2213 7897 5102 4521 9920 836 2667 3849 9624 6860 3563 6803 3688 8716 3658 5725 2720 1481 4550 6315 2626 4342
25 7776 7911 3605 7572 2979 1896 1164 7796 950 6670 4605 7989 8514 4746 8837 5142 7820 3713 2888 741 2338 6874 7459 6676 1898
23 347 6865 9556 4109 8238 6689 1634 4222 2484 7661 6632 6351 5338 249 2788 5208 2629 9430 9923 4939 814 4893 8817
22 772 8285 2897 3568 1025 8828 5649 4483 5586 5291 3495 3721 3842 9986 6324 7240 3412 1917 6906 7943 9231 1560
27 1809 2654 9016 4277 3999 3908 79 8926 3120 7528 5965 1064 4635 6953 7578 341 54 5850 6333 7398 3886 755 8153 7872 248 887 8363
28 5705 8183 4835 4033 7252 8908 4470 7482 727 9290 9865 5543 9119 5021 3979 7211 9580 2532 3547 4665 4136 9744 2519 5389 9396 5430 5933 475
27 5924 5942 299 7059 4783 1867 2262 8345 6549 4394 2923 9407 8036 4566 6619 7695 518 3071 4486 5463 8748 8237 1838 1363 2746 8729 967
21 7003 701 587 2025 8678 6756 9877 2211 9756 632 2458 4462 5090 4625 5264 4298 2582 7220 6828 1899 5395
25 4776 9871 6586 4325 2192 4588 7210 3303 6659 891 9372 6737 4229 7322 3864 4361 6707 4800 2646 2987 9513 2072 2274 4790 663
26 3508 9038 3107 6137 4028 7111 3331 4160 8428 7204 6993 633 4340 8413 132 8379 5296 1644 9425 8708 76 267 452 3105 8668 4452
24 1357 3394 4541 2592 5127 8509 9129 307 4080 4820 9423 2421 828 1576 3301 400 4237 2103 3734 8627 2723 7563 1541 5578
25 8342 6870 868 2126 2071 3012 2604 8966 9706 8337 6456 4069 1848 4328 5561 6457 911 8308 684 9467 7373 8278 9985 9526 6150
24 98 6125 1731 4838 1055 1431 3078 5594 7731 8999 2625 5459 723 1006 825 7844 3154 1008 8867 1354 9333 1165 8412 1819
28 2245 9510 3327 2153 6901 990 5157 4787 5735 6784 581 6627 2179 28 6834 2750 1872 6442 4036 73 6511 4925 870 5493 1834 1457 661 4157
28 9236 4485 1500 3518 6028 8110 5001 7737 8107 8886 8102 1020 9633 9317 7348 3912 3774 3402 6369 4379 5194 1880 1943 409 9077 7637 5684 380
22 1285 2642 7314 6943 4051 2930 3933 1575 8410 8626 4372 3317 2326 5814 5975 1183 2359 8321 9846 4906 6800 1854
22 6263 2096 7597 5358 5789 311 233 9723 1019 2972 6223 984 5441 4137 5132 6675 5300 3708 1517 112 1949 1012
27 5327 2138 7358 5349 8375 609 8660 4882 250 70 8868 7928 757 1616 1168 2560 4880 1381 9000 8864 1152 7607 6768 2787 7158 2812 6138
23 4029 606 8173 9591 7027 9749 7814 2548 7024 1065 8129 8139 9118 2614 8573 4133 6972 2939 5700 6809 7065 3173 7696
32 5298 8460 8665 506 4979 407 7054 5752 1374 9569 204 7274 7272 817 219 8120 972 6176 2865 3089 945 1784 8396 179 7089 2001 7474 4993 3465 8747 2059 3272
28 6304 9958 2549 6217 3548 9385 5384 6185 7441 2294 4518 1945 802 1762 6241 1237 5894 6051 3191 2964 5187 8077 3858 2130 6680 3217 9691 6220
26 7877 147 8191 9864 3268 9162 795 8058 6898 9565 6222 1222 3066 1909 3836 9479 9477 5491 4516 7254 4290 7853 2853 4269 4456 5580
24 7966 6122 1788 5019 2319 287 6556 470 9668 5007 4118 4575 2815 212 3549 1207 1775 4221 5002 9397 8037 7228 4859 7568
27 7850 1489 5647 6413 6762 7195 8063 9561 5548 8209 2816 1145 9265 6948 6391 3309 6559 5720 6436 5743 3337 8679 9829 2013 9006 8473 1844
25 5034 6633 5659 1142 4079 7664 4362 1783 2514 7042 7074 1998 9276 5599 270 5224 7940 1537 5742 5672 1989 9765 211 1459 7094
29 3668 7197 615 4130 7045 3119 5887 8920 7202 3058 4207 6181 9415 5060 7336 6686 3223 8352 3840 4834 9012 5990 2097 9853 7021 1695 7821 4509 9268
26 7956 2034 5509 8031 7334 2521 8230 58 4300 2299 5692 4200 3026 1242 9041 4877 3132 8753 9021 1379 4413 5033 3793 7330 7743 5718
22 7804 9280 8933 3544 4399 6600 1493 5183 5623 8319 4128 5450 2413 4614 3013 1213 8001 5597 1274 8806 2309 1713
24 9055 9726 6467 9200 2879 8796 9071 6795 6128 7659 2067 9879 4035 4763 4155 8469 3314 8301 5691 192 6575 7668 966 5399
30 9715 9913 1662 6851 1186 822 1316 8527 1210 6139 3011 6731 3427 4559 5970 4705 1470 4782 589 6629 5943 9554 5032 8742 9069 9368 8571 3760 4829 6539
22 5827 7727 463 3612 637 9845 3998 1184 100 9819 1483 4124 1154 3600 9515 5429 2207 4431 8045 882 5067 97
25 9874 547 768 3685 1766 9892 2737 1619 3981 8878 6274 4539 8289 7856 402 6654 5839 978 2443 2784 140 2220 7376 3558 9252
26 7945 2901 4061 5065 8610 792 1684 930 8148 2647 3185 8381 550 9613 1232 1951 1547 8563 1198 5590 6833 3092 3224 4204 6711 9009
29 7309 861 1377 4674 3852 4856 401 9757 1345 2127 390 6349 7208 4538 4087 1121 9914 694 9817 9057 2545 5344 6500 1090 3904 2808 9023 8953 5457
27 6951 3287 5464 3438 7997 7601 7502 2890 5154 9855 7889 1690 2424 6681 8169 1206 4717 8754 555 8728 2751 6438 9794 2229 9666 9768 2306
29 8143 626 1474 3995 2385 6287 864 2362 8525 1368 8054 4825 9701 7465 713 1278 2799 611 5236 8005 91 2457 5961 4836 7655 9209 742 7876 161
26 4600 420 96 6420 4858 4756 4747 9961 622 8727 4313 8924 3866 8333 1883 5905 2026 5166 3097 8294 5243 2552 6307 4040 4628 6397
23 1519 939 9857 4323 2833 8389 7716 8322 5285 5339 9325 9748 3637 2392 2663 4142 9007 6342 3146 6011 8478 385 3320
24 3690 9523 2463 8406 8917 779 1392 1728 6647 5944 2700 7583 1270 9462 9300 4476 7980 8721 8524 8376 8895 7944 9767 7592
22 6469 7237 1887 5817 2680 1957 3101 8845 4704 3300 9673 5131 7857 282 3435 848 9889 9771 4132 1655 9154 2838
29 2190 3919 279 3370 5211 9088 6486 3082 4280 4924 7311 9361 3515 762 8570 8242 1444 2219 202 2762 4308 4647 8898 4875 2162 4090 471 9883 8329
21 5280 830 3530 3369 3165 2615 4522 3264 3253 8124 8674 9429 6544 8964 4894 7924 4017 2697 3838 5819 7581
26 4845 2684 4958 7756 2441 3990 3620 5765 2651 121 2114 3405 1218 129 9904 5982 4253 162 6054 5601 3055 4623 2282 6022 2580 4978
24 3179 8097 6353 6200 9316 394 3911 4312 1723 9369 8079 8049 1469 9448 6338 6008 1282 3928 3988 1467 4263 8270 1757 8506
24 3081 9228 6141 3248 1462 4185 8495 5144 7874 5444 8155 3702 2866 6052 5783 1981 1410 9358 873 3279 9792 4932 4528 6068
22 1988 9267 8245 3791 522 955 5121 3624 9831 7375 7049 6251 4962 3467 9193 1397 4272 472 7440 9044 8023 5250
31 4219 7957 7189 5759 2558 5805 3978 2739 1648 8437 3141 2728 4205 8630 986 8158 7299 6167 8433 449 1080 9781 4073 2500 2118 7667 2579 2729 5220 2782 8871
28 6635 7222 9282 3346 2295 3957 9112 9062 1843 5800 4555 4195 8577 4089 8297 93 4162 6608 213 1773 5699 880 4319 2650 5152 1170 8572 1952
29 3115 9348 1010 4950 8265 3772 6494 8119 1490 6826 8470 9576 1799 2029 6969 1058 5203 6118 1561 5589 8585 2386 3805 7283 1617 360 7582 9456 4817
25 3980 9860 9161 5191 191 1588 1383 6734 4923 6533 6755 8667 5331 5393 9520 2019 6354 9577 536 9226 7679 6076 7641 2322 979
26 1566 6616 4429 4661 7929 8501 2360 3408 8387 2513 5017 383 9599 3609 7621 1905 8022 4536 485 2236 2958 6105 2835 9085 3822 4146
26 7368 927 7285 9604 3209 7752 9622 8732 1235 7349 6375 4491 8646 3853 1053 8465 7121 1315 8348 4231 6656 2466 7456 3539 305 7108
22 9813 4499 5026 9605 7894 9225 7838 422 7612 9255 7594 1074 4262 8556 5050 5746 5921 7016 5307 1972 2770 1600
18 9543 4307 4414 5741 9214 6810 4250 7103 7620 6162 6019 6662 7466 6290 4720 5931 2686 7523
25 7774 155 7004 1831 5998 8095 9239 5879 4826 7595 5227 5377 646 488 9898 4366 7243 7573 714 1265 2775 4519 3345 4972 1638
24 5089 1263 9164 8797 7433 5426 7688 4287 8932 5512 858 9442 532 7947 4441 7950 7736 4100 7381 8535 2752 1428 84 5412
33 4737 6802 7179 6337 1287 4847 7346 3354 63 3722 8860 2536 2774 9388 8612 8484 2952 7266 6472 7013 8847 7444 6269 2122 4651 591 8283 1932 8762 4234 7913 2027 6085
30 8150 8398 9128 7128 5174 9712 843 9409 3537 2718 1279 1089 8922 9386 8358 5606 2343 9478 6564 9934 8087 7033 4530 6082 1333 4618 5094 8537 4382 3443
28 2198 796 8312 7559 2225 1706 3472 5407 9665 9065 5906 6992 5229 114 6545 348 7449 9528 9438 8767 7905 5080 3184 8047 2214 4931 2233 5929
23 5294 7967 5328 9614 6490 1570 1349 2094 2313 5390 8788 9694 4527 5971 4275 6844 5863 8519 3949 3341 6077 4772 3244
26 3073 1683 9142 1088 6738 8421 5422 6938 2985 6377 8471 2410 6704 3960 7246 1509 605 4850 1694 857 7017 4224 3564 297 200 7009
26 4980 4405 2944 5287 5733 8863 7596 1143 2487 1289 9648 2042 1708 7712 428 6573 1078 9346 4869 4791 7081 2891 7540 4738 6339 2895
26 1628 4715 961 74 1364 7317 3817 5540 122 9502 9310 44 4849 8225 8558 4010 3486 3556 9374 8516 5320 5644 8093 9678 8490 4304
22 6830 4984 4886 702 214 2847 8722 4663 6471 5575 9702 8959 2943 3784 7656 6814 6591 5070 1533 8923 2054 895
29 7560 5364 4386 5140 3 8383 7367 6918 2675 3128 4252 3750 7546 7345 9784 8061 6961 9324 2093 8305 3606 6716 7365 8392 4952 7939 913 9221 2664
28 4446 1029 2133 2973 4792 265 1017 1395 8741 7209 1412 908 1611 9687 9052 2281 3002 4098 4999 3449 5018 3406 9463 6685 7002 5841 7039 5888
26 6448 5671 8185 9900 8280 9968 6893 9959 735 4338 4256 4919 1908 7167 7863 2108 9938 8436 8488 4871 9602 6944 4693 512 7069 699
23 4940 7115 289 918 9982 2801 1419 9503 4680 6370 1158 5117 8192 4111 5945 2949 2006 2904 2081 4443 832 7571 3373
22 9026 4339 6286 7230 7437 6640 7753 2688 2269 6730 7149 824 6409 4558 3418 1911 951 1716 7622 4326 7114 7900
22 5910 8723 4994 4981 3386 8228 99 2755 2516 5347 8269 9289 9035 3572 4917 1558 4235 7758 8497 9595 1149 6264
25 4774 2523 8631 1304 8703 9800 9099 8432 5494 2671 9010 6496 4247 4038 7721 4648 6894 7267 7818 3966 997 965 5022 6439 1756
35 6053 932 3889 9321 476 4434 125 2249 3506 9882 4007 7824 7793 7082 5207 6023 3079 8403 5761 5189 6360 6034 3969 4816 7188 4424 682 3935 4622 8606 4056 6100 2218 3926 8624
21 2401 3138 9133 6890 5386 7005 5273 3670 8843 1150 2588 5986 9847 9411 7626 4537 2348 5813 5572 6451 3127
26 8978 9046 2781 9220 8332 2883 1479 3910 8921 3740 8759 8774 1337 3955 9636 4561 1094 4630 6014 3954 9345 7193 4492 1592 6039 9640
25 8995 2997 2657 2731 2889 7935 4926 827 1852 367 1877 2227 2216 4309 4026 706 6384 3413 7680 5381 6064 437 1119 1233 5436
23 7393 3930 4050 6249 3975 9125 8862 8027 243 5129 1514 6300 6712 1548 4000 3747 3780 3905 8818 9403 7823 4827 7372
20 3090 1996 5856 7506 5676 346 4872 2818 8888 1433 504 8086 4138 6149 115 700 4609 364 8135 7843
25 6186 1940 1028 6231 5363 8326 9933 2867 7800 3593 3201 7391 456 5927 5446 5035 9770 919 708 9689 8038 5164 7965 5315 9637
27 8825 7952 807 2527 6842 8041 9572 7740 4257 2339 9108 9509 6366 8266 6331 4840 7377 2364 2961 2131 3158 8014 1461 356 1144 4294 4677
21 7364 5259 799 5397 5066 7618 4508 3439 2877 8566 117 8713 9730 5342 3029 6447 2927 101 4148 6859 2106
25 3348 5170 4461 7286 1501 8928 4428 650 1804 1447 2726 378 2590 8224 4988 7579 3204 5297 5231 988 5182 8371 8973 4723 7644
26 5468 6583 924 8743 8988 3788 1340 5442 1077 898 8781 178 1967 300 1426 2043 7226 826 8344 8712 4690 1352 4510 9319 6417 3958
25 3193 6582 8418 6815 6523 5922 4735 3368 3661 5784 5391 3083 1791 2399 9972 4227 6971 946 5688 5824 6593 2435 941 2709 1127
24 5788 3601 607 7846 8244 480 4494 5252 7159 4963 6976 5683 6395 1601 4270 9598 3818 3847 2394 6112 7152 55 1581 1761
27 3971 2543 9663 1582 5247 7273 3965 8494 5372 2767 4296 2480 664 6194 7174 841 1086 262 8756 3147 8256 1632 7970 2850 3843 5225 1442
30 1044 2836 4477 6301 8071 9393 5596 3036 3085 4878 4823 5901 7053 4217 1422 8211 533 834 1443 995 1388 3591 9948 2760 398 7714 8897 484 9283 4814
28 6387 2945 4030 3745 6365 7526 3696 9799 5658 2178 1915 9842 3565 3199 9574 8913 7697 6120 2887 1220 3664 9341 4211 9204 5316 8496 6867 5176
28 1630 9984 4633 8683 8251 6298 5615 6408 5769 2855 83 6003 7917 7173 5731 118 789 5406 3567 6127 1890 2780 745 9840 7260 1703 1521 7521
28 6303 4646 3754 5724 8717 7723 1758 2340 7858 527 1935 1739 9629 2753 9030 4150 8154 3150 9626 9174 5616 5911 8430 4841 7271 6026 7187 2261
24 5816 1312 3064 1413 7424 6296 6000 2226 7446 3603 1671 4187 9061 2570 4191 2074 6057 3824 8581 2016 8963 6063 3879 6551
23 5453 6682 7020 8628 5204 5546 9806 8390 8096 2778 3694 5870 4995 5075 3797 197 2990 43 2041 8313 4865 7153 4698
25 4694 3047 1260 9468 4564 8555 8812 9308 4843 217 396 3177 7996 3134 5541 9606 9996 6410 2344 5151 2653 1380 158 3752 1458
27 6060 5574 3566 2390 6218 5367 2856 705 1508 7287 9491 6192 9639 7885 9769 1252 8990 4220 9143 5707 8196 1928 8181 6129 7239 4333 1261
25 6875 4401 6522 4594 9001 5781 2251 5009 5873 9175 8582 6393 502 7805 9472 9350 540 4310 3667 5953 894 4225 610 9160 8190
27 933 8643 3692 6398 3994 7949 1663 638 1036 3983 19 4676 8853 3283 8010 7983 5896 6974 1358 6615 3451 9854 7902 8109 4378 2878 5980
21 8809 4121 5039 7403 763 2585 6995 3310 6721 6168 2337 4713 274 5257 8731 1301 8991 9516 8958 3479 689
26 4076 9287 3163 2773 5054 721 7122 9531 1163 4240 5648 9590 8075 9848 3536 5981 8182 5489 6429 2699 8035 9092 9809 7341 8443 2455
25 7724 865 4482 818 7963 4818 6171 7194 3436 5900 6667 2085 1780 7420 9199 9994 5425 5768 2242 9490 5925 5936 2473 3392 3500
26 3181 3700 5719 697 5883 8832 2310 1382 7200 769 3917 6418 8338 4583 9500 3057 1680 643 1429 9436 8021 2920 5414 318 176 9610
23 5728 5715 5865 6465 9461 7492 4305 2087 758 6161 303 3262 1692 2860 7544 7602 5321 2790 9020 5693 2491 4734 4233
25 9964 8684 4261 1974 6883 7860 2045 7646 1291 4578 2478 9101 2587 7048 6607 5747 2014 3956 3031 5526 5713 8367 575 6029 2743
22 1624 6312 5544 1979 5278 956 672 11 2645 9295 2507 5078 1879 3470 4125 2357 9458 568 7647 7488 5485 6386
21 373 693 4638 6230 2450 5394 5714 7631 2665 290 535 9066 2998 6589 6904 5617 1107 8673 8798 8707 7778
26 5696 1106 9549 9422 3404 8235 3381 4672 9564 3376 6964 896 5993 1190 2068 7977 958 866 970 9279 3514 6432 5600 5518 5146 9772
26 9404 5891 5178 4699 8528 4348 1903 6934 2371 4153 7288 9459 3964 6356 4093 1688 3277 2566 8221 9579 803 387 7991 9786 6108 3874
24 9434 9796 7137 1643 7942 4863 6572 648 3790 2569 3932 108 2938 5202 505 4046 5410 269 2678 8210 5306 8279 3644 1335
31 4899 8648 9782 31 1593 8177 8306 4942 6895 2237 2215 3819 338 2279 564 1007 7413 2483 9402 8594 9079 5527 9737 7600 9788 7306 1399 3446 1385 6271 736
26 5651 7645 8003 1891 3577 809 1254 541 5432 1559 1 335 2669 925 1476 5003 6991 5697 9096 3192 153 6601 9555 1259 4406 5332
23 7258 4075 5955 9206 4352 3621 8457 7746 9124 1181 5346 1672 1927 3374 9455 2303 5405 3106 461 210 1812 2287 9862
28 1303 3080 8785 4581 6506 3157 5947 7514 8969 3573 1402 5958 3225 1503 6090 5501 1004 294 926 2639 6441 2845 6314 9863 1958 9353 8479 2506
28 2363 5703 7323 7982 4947 4015 1605 1768 620 324 8201 9655 507 5341 3254 7467 7234 266 954 3861 8059 5135 2892 3893 6949 3941 7055 6400
24 6233 2253 3474 9919 4248 8002 3699 6113 6493 7999 9150 7463 5268 8944 5235 5907 6590 4472 6291 5068 9818 3430 5373 935
32 1787 635 703 2693 1796 239 9412 6574 519 4959 1057 8187 3560 3299 6084 206 7988 4354 2501 4770 2881 2325 7281 5150 4184 1907 3195 5361 6644 3778 3552 8303
22 3155 85 5350 5997 7557 9638 4365 539 9909 7217 9844 948 3234 7880 4860 8938 9178 3755 8869 8706 6592 3586
27 6517 1466 8838 9763 7747 8979 3326 7728 1725 6205 4936 6997 4691 1151 2107 2428 4283 9469 7749 1223 6916 264 4649 3102 4268 8512 7386
21 8229 9802 8600 5825 5420 5179 2511 982 9585 2632 8307 9004 3456 7105 3197 3400 3789 3571 737 8998 6240
22 6525 5452 7484 5638 4375 6040 145 569 2388 7765 2402 1929 8508 1754 2352 9028 6940 2110 180 3920 8989 7834
26 2581 4833 9420 6018 3782 2690 3375 3870 6776 6505 1351 9147 975 634 7118 7086 9197 7831 3202 7627 8889 4202 7470 6316 2073 2508
23 9029 6696 453 5539 7019 7344 8288 3019 7882 3347 5775 2300 793 6661 6966 5549 9507 771 8615 116 4642 7321 8765
25 4194 7986 4535 1602 3691 7067 6037 9932 4337 5303 6184 3759 4643 201 8704 5796 1850 5505 362 7785 3094 9911 12 4862 2727
24 4297 1765 3371 2412 5995 3338 9327 3462 9299 7423 9073 2490 4159 285 6798 5823 5636 5637 9140 7520 5120 3276 7903 3837
27 6754 2598 5213 6087 8366 687 3471 5663 3502 3634 490 1040 1689 5727 9355 4644 3710 3541 8538 3273 7768 4278 3742 7450 7435 674 5322
25 4788 2066 3335 6119 3007 9991 7955 6678 7077 5190 8056 8445 2495 6914 9999 7180 3315 1112 4819 9027 6952 4139 8268 3409 5571
23 9684 208 8081 4505 9047 4637 5451 1534 7022 7973 5433 604 6679 1525 5767 3113 9002 1948 8542 2624 6203 8247 368
22 1942 3551 2947 5275 3727 1448 4755 4732 618 3417 9954 5821 9532 6454 8842 4131 7829 2668 3484 6328 823 434
22 3353 5633 8257 5966 3673 3086 6414 716 8640 8601 641 1342 9121 82 284 9068 9188 9620 8088 7352 4941 2894
28 8701 8894 6415 1645 8915 4571 8935 4166 6913 7732 9080 103 4281 9654 9337 537 7104 806 7873 4789 4498 7051 8477 7990 3959 6538 6226 5579
27 3963 6038 8164 6452 3454 7959 3116 1228 9482 8208 6281 4888 5238 7155 7969 677 3396 2050 6031 6625 3885 1797 1661 8024 1355 4108 8255
27 2931 3166 545 6323 412 777 3588 459 1292 3728 6836 9464 6832 7734 5271 2622 399 2380 7779 3498 2476 2256 6478 86 8663 7366 9286
24 4416 9628 1284 302 4688 8965 6277 1583 528 4504 2465 6868 5447 2354 0 8804 5292 4551 4562 8649 9517 3061 4595 4703
24 1436 9427 2285 2470 2367 223 1293 1767 6930 5895 6308 430 8400 8656 3257 7310 1598 9222 5095 1840 5842 9262 1790 8290
21 6710 6199 5668 351 3230 1637 3048 9578 7280 2910 6225 5508 6169 4520 1730 4293 1679 2222 8941 8836 3126
27 4066 1038 3362 6253 5520 7875 3252 2814 5573 9679 4197 7754 6396 7513 481 2008 4641 3389 3455 2092 2474 3521 5055 8008 3112 1305 7836
28 3639 8099 2427 1507 7447 3305 4975 6047 177 443 3205 7984 3395 411 5310 5385 1373 5218 1369 9734 7904 6348 1697 5329 4178 4053 2602 1452
23 3579 1042 9835 6631 6987 2914 379 8340 1557 7769 7421 4667 4965 1239 5808 1046 4777 2248 8637 8113 7000 492 3787
26 120 2908 5968 2374 1166 3473 9514 1495 7806 7775 2547 5635 53 2224 8248 1763 1513 2144 1453 8240 7891 7807 1294 1857 508 6159
28 2437 2757 9707 7919 8714 6752 4557 8287 7932 1221 7616 780 5585 6164 1625 7915 7305 902 4837 7445 9928 154 7709 4728 5431 3414 4549 2613
28 9114 3411 1590 4179 3927 4687 7586 5577 1861 81 6811 3732 6693 6238 473 439 9146 2176 9630 5754 8596 6985 3945 8771 7936 3220 899 8872
24 2347 9392 8831 5466 1203 9575 5612 5340 7555 595 888 9951 1755 1135 3461 1153 2846 173 9070 3390 9518 3814 1921 6846
24 6935 6824 2119 6468 9364 3076 9179 5118 5519 7635 3716 7250 8295 1050 2980 7816 2174 7037 1789 5851 9064 8677 3010 3059
25 6975 2984 7649 6153 977 5133 3948 349 7063 556 1618 9647 3543 3499 418 971 7859 613 3447 5614 8773 5411 3570 1954 2370
24 8580 9342 8336 9487 9582 4721 8260 4453 6878 9098 2844 6462 7472 4855 4329 2311 8206 5408 3243 9322 3053 7068 1895 9711
28 5177 2327 1241 5088 5994 9731 1083 320 6402 1941 9646 7296 3952 5064 5655 5782 1115 4167 6732 9217 3678 1727 5915 3035 9837 5249 6518 3675
30 5379 4408 1420 6458 4524 2461 8125 2189 5043 675 6915 9208 7733 47 6758 1985 3834 1446 9501 1759 3453 9616 9260 7075 438 5969 8905 4116 8696 3737
23 3487 1977 8587 8166 7308 8416 7370 6694 8810 9063 4502 7112 8929 6794 9437 2109 6673 5221 2925 3098 9682 5706 4336
23 3284 5482 790 9568 4885 3625 4964 2572 3161 7191 9881 3851 1897 5923 9851 6449 1120 3399 4580 9944 9841 9229 6872
25 2974 432 9729 1451 2298 9875 6173 1992 9929 1460 6837 1609 5657 203 9720 6079 3275 9560 9529 6121 1681 704 1719 9878 787
20 9347 2147 3088 5628 7803 146 4898 3876 1275 1772 4866 5568 2349 7388 2036 3626 7498 6359 5085 1978
26 4815 2792 2136 104 6378 1886 9963 2284 5348 254 4321 4381 732 2160 7869 5071 9672 5234 2761 5755 2714 1738 4059 7493 2250 2195
25 1596 4907 4795 1176 2331 4954 1136 9305 9728 8146 9323 8904 561 5416 4101 4708 3596 2423 1975 4123 4422 5779 4853 9849 7895
26 9380 7407 5610 7162 3168 5109 6041 9123 1894 2183 7120 8532 4214 3666 4915 3366 1678 6649 1197 252 5584 7591 6453 6715 5670 2919
27 7690 1710 1071 5948 884 7448 695 258 1640 3282 8794 4584 5137 6061 308 2556 8330 410 5858 9398 1889 4857 5023 3003 8857 5184 729
30 1322 9339 7126 8718 4273 9867 7145 8453 788 1734 1712 3617 7971 2389 4459 503 6016 2064 260 5276 1257 6189 7072 1782 2719 1202 8760 2538 9553 36
23 5110 5521 1878 8259 3687 3050 1779 9 3041 791 644 7090 5793 8362 3940 8202 2212 80 5562 5729 5593 8483 4384
27 7427 7987 2020 5736 8693 1970 1347 2125 1745 8449 7011 9497 9359 404 4702 5560 4072 7512 6772 9981 8855 9318 2328 1173 6823 1286 3122
25 9480 6596 3795 9651 8993 7113 9810 2315 9834 2171 4640 1902 7669 3642 7023 1054 7840 1475 8100 6713 5885 4005 5791 2010 2048
28 9237 6980 3641 5650 6099 7556 7676 1308 1424 980 6236 9495 7536 2257 9171 749 447 3623 2740 8639 7603 2267 403 1742 2703 9979 5368 3286
24 4812 3663 7634 7400 6725 1701 6228 8746 8351 8720 4664 4593 5763 3359 8954 4171 1515 4154 1084 6005 4798 6033 7360 3091
27 6677 5811 781 1189 4212 3848 7961 8655 1341 8770 4387 6147 371 8066 594 4569 1612 6282 8604 3274 7282 8942 7097 9357 6665 4761 5978
27 450 9086 2611 2594 1737 6101 776 3884 2606 6219 3798 4105 6187 4317 559 9256 7156 7 8186 7505 5449 1522 4725 2546 2416 2975 4697
26 4359 9562 856 8937 2011 6512 3676 4023 6081 8936 1295 5205 7890 1041 6477 8792 3497 3887 5270 9274 1226 1635 9759 9852 1372 5111
27 1916 9363 1251 3989 6880 8564 7383 9922 8802 6104 9126 4345 1332 2185 5626 2288 7585 6 909 8883 1869 6876 5642 662 8521 3986 5248
31 2017 3222 8419 3054 2661 7615 5471 920 6407 4244 2408 2597 52 9552 7458 4749 7058 8145 6148 7632 7171 9563 2231 4343 8149 2088 2935 4592 2302 7241 4531
26 7920 9943 1280 3170 27 7865 8909 5949 7508 8775 718 5844 2981 943 7516 2537 6843 1498 9059 3801 3207 2670 150 448 4037 2796
32 3056 2899 9087 5286 1777 3871 6163 9649 9803 2083 2928 2763 1750 9453 7057 9907 8349 1646 7248 2962 1511 2199 1245 4900 7401 5167 1319 6724 4271 6178 277 6623
26 2872 9733 7884 514 8 5434 5602 6751 423 1281 1049 467 6717 2843 3803 5162 1169 5402 3020 1464 7809 6807 4602 2673 3820 6765
30 819 722 6688 3939 7921 7257 804 1487 7772 7326 1331 1147 2577 1393 1527 3741 3631 8491 6433 8510 546 6174 5660 9444 8393 3944 2735 1633 5833 1015
29 8645 2301 2677 6341 8309 342 3635 3665 130 2721 3583 3898 8331 9254 9773 2759 163 2722 520 3021 7359 1456 7677 2821 7032 6172 8132 7207 3770
30 2868 9003 6818 6850 7784 196 4884 4996 8461 6242 8881 4740 5044 9067 9521 61 7541 8769 230 2053 8686 8749 1370 7453 630 334 1039 7640 325 3034
27 6388 9942 4804 5074 1868 5802 7710 4411 3669 1137 5387 6508 1463 3761 4331 3618 7168 442 9839 5253 4982 9541 9650 4355 3672 6955 7835
32 1230 6576 6243 8475 2468 228 7238 3001 5016 2040 4102 3839 5423 2334 8822 7416 9019 6289 3219 8277 3416 1314 1082 415 6902 6036 3604 5045 9527 183 3561 6275
27 5081 5620 2617 7906 7726 7515 1870 4306 5722 8874 2912 3535 4542 937 8911 9975 6782 7387 3806 1523 989 8116 4334 4883 331 557 7304
22 5206 7083 8261 5424 7717 1937 8032 6080 67 2022 5378 8112 9144 573 1944 4517 1802 3706 1621 1268 7878 3164
24 199 9713 6840 9167 4041 7703 7870 9056 4062 7837 8974 5926 3608 1159 5820 2430 6009 3269 7146 8876 7549 6899 5932 1311
27 5025 5559 7353 9426 1502 6546 6937 565 5908 7908 8000 5554 6581 7374 7663 5323 9998 1698 7166 1855 5314 8051 4223 7610 6048 9660 1172
21 668 9703 9365 1770 2619 1888 7201 2498 3777 1811 2876 752 7438 2121 5382 3509 5928 7425 6634 2462 549
26 7534 9375 242 3748 4624 2969 2030 3823 3356 1585 110 2907 2346 8711 8726 2656 2929 372 2911 3638 5168 4292 5086 7102 7471 7203
25 4320 2942 174 419 6887 1551 1403 3783 4344 386 1774 6637 3597 4164 1922 2559 3450 4165 2204 770 6804 5918 7826 8689 4897
25 1668 2638 9870 6942 3407 8793 2692 3951 6888 3909 8249 9303 863 4534 3828 2528 3261 4314 4019 983 859 3580 3973 3196 9097
31 1562 4873 190 7867 4351 8126 1991 5198 647 7464 4736 3349 2290 6558 8441 9416 4868 5748 8365 6035 7454 731 1815 4254 6455 5780 344 7428 1288 8967 4391
26 5199 2411 5529 9212 3139 6695 6838 1741 7340 5770 9104 619 3545 5702 9631 8369 8385 3865 3970 5122 711 6946 1095 3804 6990 2395
24 2520 4058 9050 370 4678 1736 4554 8901 7476 4769 5609 8151 7811 3513 8219 6201 6701 1962 7630 4295 5570 4811 9306 4241
30 6699 4903 5239 2623 8943 7802 2166 9779 1011 5513 5764 6911 2509 4912 1984 1013 3725 5999 3574 9107 8448 15 5353 1219 2819 421 1705 3542 4890 6459
22 1749 8702 614 7056 8662 996 7589 6044 8952 7135 579 4176 3587 9395 7739 1613 4457 9244 2595 4464 1866 1243
22 207 748 4601 6962 7434 8768 1329 5119 2526 1806 850 9247 3913 4911 5551 1571 5217 6609 4828 1589 2445 4410
24 8328 1122 4291 4117 1180 7886 4436 8531 4003 5158 9987 2806 1027 4991 7938 730 8805 9381 8777 2831 3850 3125 6866 1822
30 7001 5976 8613 7144 8633 6749 760 2481 5847 9470 3550 3307 2063 246 2704 357 8350 8530 2477 2187 2608 4415 5277 6861 1439 2432 169 2286 6045 5685
27 1454 754 9593 9939 9745 9795 7419 2373 8298 5302 7044 3648 7507 1298 8887 3245 7307 6206 5682 9285 7654 3133 4192 1199 9476 3800 8464
22 7064 1398 5771 4913 3719 985 1486 7671 6744 6024 4445 1859 4617 2296 8821 5246 6547 2004 3891 7854 2280 3569
23 186 9366 5946 5662 1160 5916 3813 904 7827 5607 8189 6383 3916 9690 1317 464 4496 1920 8877 57 9091 657 7232
28 6483 5015 3118 7564 1005 3769 3524 4685 4767 4864 2708 9949 5282 2254 9612 8197 1326 4181 5318 4489 4493 9090 8476 6884 1384 4945 7518 1302
25 2035 1735 558 7751 8539 4797 7412 4388 4762 1518 572 8629 7783 8122 1353 5792 5611 8455 9172 6305 1092 8474 1195 1110 4968
24 8067 6618 9893 2472 9134 7926 3259 2062 5027 7259 2789 9762 312 678 8485 6855 5818 2165 8213 5421 8914 4603 3627 2044
25 4976 2191 4933 2988 8651 6922 6357 9048 3311 1225 8548 3329 603 8105 1847 339 185 3156 5058 1432 8402 5180 1702 1990 9258
26 288 3445 6463 198 7215 8055 6278 1853 9039 9741 9946 8253 6602 4151 9793 5654 3049 65 9334 7406 2028 313 1810 2857 9583 5005
32 7227 4951 8545 6405 9880 9275 7706 1272 5756 1043 7864 9776 5857 1953 7147 7832 2950 6385 8165 1733 7798 5261 8807 3810 6110 5101 2032 5223 4045 7291 6136 7650
22 3496 9912 1018 6367 2630 3671 511 1827 7480 7046 4440 7192 3135 8848 4258 2049 9084 6968 7848 2748 1236 2232
25 2648 4068 917 2716 5163 2871 4367 3622 1214 4679 6792 3458 7700 9349 8335 7570 9644 4612 5263 1000 6611 6193 8467 1803 7460
32 9512 4086 728 2238 7142 1510 9452 8205 2304 365 8427 6503 1526 6444 7817 5076 119 1032 6929 3466 304 3653 2353 9293 9895 6521 3393 4809 3786 1995 5037 9899
23 5171 4803 4385 5988 3194 164 329 9708 8939 1246 1193 4288 8910 5912 5860 4563 3319 8254 8320 4163 21 1449 893
24 5216 2361 9230 397 330 8750 2744 8347 2047 6132 9013 3776 4497 6043 9234 8738 5749 7339 2492 6212 8397 6534 2080 9884
27 5061 1132 8638 6073 4004 3339 8310 8694 6306 5834 6869 6630 7477 6156 6373 32 2861 435 9457 608 2444 1820 3677 1371 5785 332 617
30 6117 4259 9918 6905 9592 6760 9747 182 1623 6247 1258 6344 8167 3557 8808 4744 6329 9777 8072 7845 5438 6374 1022 6399 6787 7764 251 5656 1336 1748
25 8763 4861 8523 2832 8736 1667 1505 3306 2196 9408 5940 4412 8789 4423 497 3862 8239 6650 3846 6817 5139 1003 1320 2918 785
25 6548 6072 1290 4966 3753 6739 2095 6464 1620 4315 2776 9653 8203 3148 4113 6588 8236 5000 9183 1063 6419 7912 2575 878 2134
23 9536 6652 2324 5365 424 4183 942 7405 3829 5256 2375 6389 3109 6327 9418 1563 4371 4745 3882 855 3835 205 1249
28 316 2168 3844 374 5878 6183 9499 5951 3735 9110 8912 4245 9683 1253 2433 5730 4228 3018 1545 2618 7730 8719 5661 1919 9377 8300 4409 5774
21 8339 2783 4604 7954 7839 1829 740 1417 7790 9603 3559 5640 2802 7495 6098 1832 1185 2691 4143 413 1217
25 6747 1016 4779 9876 4773 6657 7185 496 2960 4027 2915 4417 1947 2946 7881 9571 1200 3633 8560 3475 9894 309 7199 7931 860
29 2379 8138 1569 5591 4658 1665 2065 5757 1491 2358 9990 897 5362 4203 6674 9617 7131 9736 9127 2104 4714 2240 8955 7066 821 907 8985 4463 3715
29 8734 1686 8275 5861 5492 5972 5293 4610 9947 3044 458 1976 5212 2701 5884 8271 5506 2544 8171 8161 4545 4710 1687 778 9969 4927 7184 7315 4020
26 7473 4282 764 6010 1881 2862 3033 8547 3649 9291 9843 4063 3312 3594 7813 2289 9937 6577 8043 2991 8661 7497 9859 2009 6020 5778
27 5619 8220 953 5828 5624 3794 3215 1781 9710 7660 7543 5136 2924 7810 1936 782 319 221 3718 1961 9484 2387 1934 7301 5786 5556 2320
26 8755 3441 3289 3457 4544 6487 8899 5222 8925 6947 7212 7909 6806 6450 6332 9995 670 7510 8318 2786 41 1445 8550 6924 1685 5745
20 2992 529 9790 5631 5598 5804 9705 7762 3442 7777 8906 4596 6140 8380 4147 7198 4918 148 8552 6746
25 2826 2607 4743 649 6793 170 7861 6663 3051 4969 6345 7255 683 2900 5708 3764 7998 1552 6587 2610 7722 7165 7738 9676 2916
23 2736 441 3459 5326 3176 6046 7682 2260 974 5036 1262 5343 5592 829 3380 4011 3528 3896 2707 8784 3812 5290 2791
28 9018 2129 4921 4778 6103 6516 6050 9780 1378 9927 5646 1338 6380 8499 4432 4946 1085 3736 1629 6963 8666 6116 1334 6531 1076 3529 1823 3246
25 3906 673 1549 886 999 8069 51 8740 7127 9113 8583 4653 2170 3318 8144 4977 234 5542 8046 6255 5193 756 2730 5603 9186
29 5952 3298 6361 4152 1744 8258 600 876 8343 9732 6102 3746 18 2712 9105 6655 3227 1269 6854 4311 5852 3517 3431 4902 6124 9424 6273 1096 8137
32 2099 298 3832 8354 8916 5435 515 5809 4696 4552 3040 4232 255 5047 6267 2197 4403 2779 2051 801 5830 513 9634 7357 8291 7035 2056 5773 9391 6202 8316 2151
26 7948 759 2419 7567 8293 142 3260 1594 8664 1014 7925 3538 4992 5567 4442 5864 6191 2976 7862 4750 7972 6065 5186 4579 9778 9387
25 4718 5301 2941 1365 499 2070 6653 7369 2683 6636 9548 5605 6268 3266 134 8635 3996 4435 7457 6740 6941 9550 3993 7598 8803
22 5536 2795 3711 854 8616 6431 9100 194 2694 5840 7325 598 2696 8621 5141 9935 3130 2405 1993 3739 9921 5473
24 9890 2148 4620 5317 9873 3208 5569 427 2055 1306 3017 2681 8374 2515 1504 8411 4418 6012 7499 1994 7261 8816 940 3232
30 4832 6514 2903 2404 3856 2003 6390 6015 2321 3351 3657 588 6355 6479 1344 8420 7076 9838 4752 8218 2221 2061 9139 538 6188 9827 5522 7978 30 6567
23 7106 1229 8009 6480 8659 3555 9032 268 1339 9163 8029 3444 7537 2824 6958 2999 3231 3738 4799 6719 2356 3167 9955
25 9808 4420 2132 2117 593 6535 3525 1323 4565 7176 544 3136 7994 6773 9905 6207 8359 1061 9828 6519 9535 6309 2926 1411 4585
25 1178 543 5103 10 7587 363 3131 8801 1969 9227 739 4854 8541 4377 340 3415 7899 123 6059 7316 7604 8981 7930 9103 9754
25 8065 9619 3519 5987 4400 6954 1250 5853 2021 5558 8176 406 3768 3111 5100 7007 1394 59 6299 7692 4619 8650 5161 3096 9811
24 3576 2246 2917 2662 1615 3182 7328 5868 6925 8200 4208 3099 2116 7018 8733 923 2756 6553 6989 9370 6208 7524 5215 9573
31 7934 7761 4681 6093 5938 2393 969 68 8618 4955 8314 9379 3974 1324 1438 9367 9400 6939 542 1658 3614 3907 9176 1418 444 1553 1313 6692 1973 9465 4193
23 45 2159 1102 4480 9709 2113 4426 4758 2420 278 6256 7976 4821 1892 6504 3398 815 1849 245 5712 4175 8574 8409
28 8670 7332 9493 5930 7270 7351 3186 9216 5639 2206 4556 8217 483 8426 1793 4639 5641 1093 4724 783 2400 8783 1873 3616 7614 2082 131 5478
25 7662 5826 7545 8068 5515 345 2540 8127 3647 1740 838 9269 136 4376 9902 1607 3599 469 3943 9885 9607 578 3507 1471 9664
24 7284 8597 6639 9721 1636 5092 4606 3714 4454 4587 9431 6133 590 4380 6594 8690 889 9331 8688 1070 143 7788 4210 4106
22 4529 2909 3532 6007 7221 4383 3575 4560 9760 5185 715 6346 4668 3140 7293 3830 3291 6565 7350 6537 5622 4684
25 7975 6555 7701 8536 4074 1404 5439 1052 2627 8304 7801 6221 5625 6728 616 9451 1389 3437 8578 4733 562 6260 5772 9203 8025
23 7675 1328 5545 417 6858 9309 1771 5498 1079 6502 5124 3888 786 3526 7960 2488 343 8462 7681 6435 2934 6322 5299
24 4088 9814 2193 5087 7995 9866 5967 5201 7491 4196 358 3523 8373 491 2794 9775 6135 6606 6718 6175 9264 8700 885 2323
29 3615 3922 240 2591 8431 2078 5040 2024 509 1798 812 4629 6485 1162 6013 5664 165 5188 4876 4589 4082 24 5920 3180 3038 1056 7565 8011 7657
25 6903 3419 7842 6708 9170 247 4097 652 1362 6276 6909 6246 9259 4532 359 2200 3189 9135 2438 6209 5004 6624 1966 9486 2439
32 5875 8852 216 6520 2403 2827 9716 7432 6177 2609 7624 8687 8986 1654 7958 440 9976 8859 8353 9240 5899 6403 1578 7686 7247 3901 3490 5666 2447 6726 4626 2112
27 9812 9953 2015 1248 5114 3235 1955 193 525 7279 4547 3527 7799 4709 5689 62 2397 9546 2905 135 3212 1450 2278 6900 7451 3646 4161
28 4054 9329 6272 7577 1026 7294 6542 9623 4335 8223 883 6617 6700 7527 8020 6965 4104 5695 903 9697 4081 973 2955 9671 7548 1664 8012 4657
26 2436 8395 7830 6313 1087 4364 9917 1024 7253 7356 2270 2 1987 7561 8094 4299 9195 2188 6550 7651 9078 7404 4357 8482 9335 9278
29 9930 8780 8194 7263 3654 8302 7611 34 9330 64 6928 5877 2175 5369 9152 9830 9181 8641 5106 1208 3121 6232 6166 8779 1310 2475 3751 6510 8212
28 5507 2145 3075 6981 5073 3074 4395 9302 6562 8117 8823 2804 9120 645 2620 257 9313 4444 2037 5312 8557 2314 2994 8004 3510 1540 2369 9735
25 361 1391 5309 276 2208 9973 9542 4546 5674 2687 4695 2841 2674 8505 2965 1968 3271 5091 7038 7907 5108 4358 8739 489 8861
27 1718 7547 8195 5669 3938 2504 2243 253 6460 8699 4659 8115 4112 6252 4786 6917 734 2568 1325 3093 6786 2355 6984 3613 6766 1910 6213
26 1875 3651 7953 9219 72 9410 2154 6027 5681 5869 9797 4404 6825 8040 7079 486 4686 8388 7242 1542 2345 1416 6820 4330 6813 5576
26 369 8503 5893 1714 388 8452 8263 5897 2829 1550 2553 468 8368 7347 831 7792 3321 3281 4448 3070 585 6025 2840 8199 8819 8758
28 4670 3213 4373 9060 3200 7409 4848 2407 5134 2535 5288 6648 5333 1800 8391 5272 1155 8875 599 4553 1309 3250 3429 8425 845 6211 124 1068
26 6932 2292 3650 696 6376 6777 3251 9249 6244 5698 2317 4012 2837 8082 9789 4513 7588 7789 9600 14 8658 6801 3729 2329 4201 4009
24 6568 9406 8227 7962 500 462 7073 8782 7485 8591 629 1321 8902 6584 9567 6123 3512 6254 1914 296 9936 1343 9544 9015
29 6856 4971 5890 2084 8710 2749 5242 6070 9182 8884 4014 9382 5228 3241 391 901 2518 8188 5974 9807 6336 6491 840 3332 6741 2422 6182 3203 8947
23 7625 7269 3410 2275 2448 6083 8231 2244 5484 7124 4465 9149 7225 8007 2834 5766 6923 7705 4719 6735 3723 3397 9823
29 2276 9432 7414 642 3683 3469 1946 3931 1546 4607 5099 4576 5537 4500 753 5351 5427 8250 686 6853 6805 8292 66 571 8272 2460 890 6179 837
26 8243 3288 4727 8751 5726 3378 9695 4895 1348 4608 7164 5345 5675 6297 1031 7268 2489 8900 4393 7486 6326 2754 6780 4920 1401 9401
25 5913 5838 6134 5533 310 1715 5437 3520 1267 4916 1296 3494 7389 2852 944 8844 1283 3143 3294 3382 3686 8735 3334 2983 5335
27 301 4140 3313 7715 9094 1647 5169 9587 947 6524 3420 8498 366 1244 3267 7509 9185 392 9980 6318 1117 4039 6779 4775 5758 2456 6750
23 4067 8180 8791 8422 4729 2383 7888 3108 4597 5443 9952 692 4707 9700 1532 3733 2157 8405 6074 6757 2454 774 7078
26 8620 6960 8123 9137 852 2494 7292 3476 7052 7522 9024 9311 195 3238 1002 867 1072 6234 2628 6621 126 5392 4070 9266 9524 1009
26 2839 3767 1297 8602 9758 3263 2848 3619 6265 2685 1299 8891 8233 3162 9675 9040 1182 8281 8529 3854 5517 3067 6691 7468 272 5531
23 3534 9609 8584 4748 9915 5608 3357 9210 5694 9525 4785 1360 3037 8957 3030 6248 5308 2959 1480 109 1488 7123 6561
27 4350 4842 2415 7693 7638 2342 6926 3344 9971 2565 3296 3293 8382 9022 8882 9856 4110 3328 241 2046 8623 7711 37 8931 5042 4226 2382
26 354 9253 4044 6239 4631 8617 3468 5403 5855 8994 5006 7767 5621 4771 2596 460 2957 2643 3481 3984 7431 7658 3377 9223 7061 9294
